Release 13.3 - platgen Xilinx EDK 13.3 Build EDK_O.76xd
 (nt64)
Copyright (c) 1995-2011 Xilinx, Inc.  All rights reserved.

Command Line: platgen -p xc6slx16csg324-3 -lang vhdl -intstyle default -lp
C:/PFC/Nexys3_PLB_BSB_Support/lib/ -msg __xps/ise/xmsgprops.lst system.mhs 

WARNING:EDK - INFO:Security:71 - If a license for part 'xc6slx16' is available,
   it will be possible to use 'XPS_TDP' instead of 'XPS'.
   INFO:Security:66 - Your license for 'XPS' is for evaluation use only.
   WARNING:Security:42 - Your license support version '2012.03' for XPS expires
   in 5 days after which you will not qualify for Xilinx software updates or new
   releases.


Parse C:/PFC/Nexys3_v024/system.mhs ...

Read MPD definitions ...

Overriding IP level properties ...

Computing clock values...
INFO:EDK:740 - Cannot determine the input clock associated with port :
   ilmb_cntlr:BRAM_Clk_A. Clock DRCs will not be performed on this core and
   cores connected to it. 
INFO:EDK:740 - Cannot determine the input clock associated with port :
   dlmb_cntlr:BRAM_Clk_A. Clock DRCs will not be performed on this core and
   cores connected to it. 

Performing IP level DRCs on properties...

Running DRC Tcl procedures for OPTION IPLEVEL_DRC_PROC...
Address Map for Processor microblaze_0
  (0000000000-0x00001fff) dlmb_cntlr	dlmb
  (0000000000-0x00001fff) ilmb_cntlr	ilmb
  (0x81400000-0x8140ffff) Push_Buttons_4Bits	mb_plb
  (0x81420000-0x8142ffff) LEDs_8Bits	mb_plb
  (0x81440000-0x8144ffff) DIP_Switches_8Bits	mb_plb
  (0x81800000-0x8180ffff) xps_intc_0	mb_plb
  (0x83c00000-0x83c0ffff) xps_timer_0	mb_plb
  (0x84000000-0x8400ffff) RS232_Uart_1	mb_plb
  (0x84400000-0x8440ffff) mdm_0	mb_plb
  (0x85000000-0x85ffffff) Micron_RAM	mb_plb
  (0x85000000-0x85ffffff) Micron_RAM	microblaze_0_DXCL
  (0x85000000-0x85ffffff) Micron_RAM	microblaze_0_IXCL
  (0x86a00000-0x86a0ffff) PS2_Mouse_Keyboard	mb_plb
  (0x87000000-0x87ffffff) Numonyx_PCM	mb_plb
  (0xcbc00000-0xcbc0ffff) Digilent_Usb_Epp	mb_plb
  (0xcd600000-0xcd60ffff) Digilent_SevSeg_Disp	mb_plb
  (0xce400000-0xce40ffff) Digilent_QuadSPI_Cntlr	mb_plb
INFO:EDK:4130 - IPNAME: plb_v46, INSTANCE:mb_plb - tool is overriding PARAMETER
   C_PLBV46_NUM_MASTERS value to 2 -
   C:\Xilinx\13.3\ISE_DS\EDK\hw\XilinxProcessorIPLib\pcores\plb_v46_v1_05_a\data
   \plb_v46_v2_1_0.mpd line 78 
INFO:EDK:4130 - IPNAME: plb_v46, INSTANCE:mb_plb - tool is overriding PARAMETER
   C_PLBV46_NUM_SLAVES value to 13 -
   C:\Xilinx\13.3\ISE_DS\EDK\hw\XilinxProcessorIPLib\pcores\plb_v46_v1_05_a\data
   \plb_v46_v2_1_0.mpd line 79 
INFO:EDK:4130 - IPNAME: plb_v46, INSTANCE:mb_plb - tool is overriding PARAMETER
   C_PLBV46_MID_WIDTH value to 1 -
   C:\Xilinx\13.3\ISE_DS\EDK\hw\XilinxProcessorIPLib\pcores\plb_v46_v1_05_a\data
   \plb_v46_v2_1_0.mpd line 80 
INFO:EDK:4130 - IPNAME: plb_v46, INSTANCE:mb_plb - tool is overriding PARAMETER
   C_PLBV46_DWIDTH value to 32 -
   C:\Xilinx\13.3\ISE_DS\EDK\hw\XilinxProcessorIPLib\pcores\plb_v46_v1_05_a\data
   \plb_v46_v2_1_0.mpd line 82 
INFO:EDK:4130 - IPNAME: lmb_v10, INSTANCE:ilmb - tool is overriding PARAMETER
   C_LMB_NUM_SLAVES value to 1 -
   C:\Xilinx\13.3\ISE_DS\EDK\hw\XilinxProcessorIPLib\pcores\lmb_v10_v2_00_b\data
   \lmb_v10_v2_1_0.mpd line 79 
INFO:EDK:4130 - IPNAME: lmb_v10, INSTANCE:dlmb - tool is overriding PARAMETER
   C_LMB_NUM_SLAVES value to 1 -
   C:\Xilinx\13.3\ISE_DS\EDK\hw\XilinxProcessorIPLib\pcores\lmb_v10_v2_00_b\data
   \lmb_v10_v2_1_0.mpd line 79 
INFO:EDK:4130 - IPNAME: bram_block, INSTANCE:lmb_bram - tool is overriding
   PARAMETER C_MEMSIZE value to 0x2000 -
   C:\Xilinx\13.3\ISE_DS\EDK\hw\XilinxProcessorIPLib\pcores\bram_block_v1_00_a\d
   ata\bram_block_v2_1_0.mpd line 76 
INFO:EDK:4130 - IPNAME: xps_uartlite, INSTANCE:RS232_Uart_1 - tool is overriding
   PARAMETER C_SPLB_NUM_MASTERS value to 2 -
   C:\Xilinx\13.3\ISE_DS\EDK\hw\XilinxProcessorIPLib\pcores\xps_uartlite_v1_02_a
   \data\xps_uartlite_v2_1_0.mpd line 83 
INFO:EDK:4130 - IPNAME: xps_gpio, INSTANCE:DIP_Switches_8Bits - tool is
   overriding PARAMETER C_SPLB_NUM_MASTERS value to 2 -
   C:\Xilinx\13.3\ISE_DS\EDK\hw\XilinxProcessorIPLib\pcores\xps_gpio_v2_00_a\dat
   a\xps_gpio_v2_1_0.mpd line 81 
INFO:EDK:4130 - IPNAME: xps_gpio, INSTANCE:LEDs_8Bits - tool is overriding
   PARAMETER C_SPLB_NUM_MASTERS value to 2 -
   C:\Xilinx\13.3\ISE_DS\EDK\hw\XilinxProcessorIPLib\pcores\xps_gpio_v2_00_a\dat
   a\xps_gpio_v2_1_0.mpd line 81 
INFO:EDK:4130 - IPNAME: xps_gpio, INSTANCE:Push_Buttons_4Bits - tool is
   overriding PARAMETER C_SPLB_NUM_MASTERS value to 2 -
   C:\Xilinx\13.3\ISE_DS\EDK\hw\XilinxProcessorIPLib\pcores\xps_gpio_v2_00_a\dat
   a\xps_gpio_v2_1_0.mpd line 81 
INFO:EDK:4130 - IPNAME: xps_ps2, INSTANCE:PS2_Mouse_Keyboard - tool is
   overriding PARAMETER C_SPLB_NUM_MASTERS value to 2 -
   C:\Xilinx\13.3\ISE_DS\EDK\hw\XilinxProcessorIPLib\pcores\xps_ps2_v1_01_b\data
   \xps_ps2_v2_1_0.mpd line 80 
INFO:EDK:4130 - IPNAME: xps_mch_emc, INSTANCE:Micron_RAM - tool is overriding
   PARAMETER C_SPLB_NUM_MASTERS value to 2 -
   C:\Xilinx\13.3\ISE_DS\EDK\hw\XilinxProcessorIPLib\pcores\xps_mch_emc_v3_01_a\
   data\xps_mch_emc_v2_1_0.mpd line 88 
INFO:EDK:4130 - IPNAME: xps_mch_emc, INSTANCE:Numonyx_PCM - tool is overriding
   PARAMETER C_SPLB_NUM_MASTERS value to 2 -
   C:\Xilinx\13.3\ISE_DS\EDK\hw\XilinxProcessorIPLib\pcores\xps_mch_emc_v3_01_a\
   data\xps_mch_emc_v2_1_0.mpd line 88 
INFO:EDK:4130 - IPNAME: d_usb_epp_dstm, INSTANCE:Digilent_Usb_Epp - tool is
   overriding PARAMETER C_SPLB_DWIDTH value to 32 -
   C:\PFC\Nexys3_PLB_BSB_Support\lib\Digilent\pcores\d_usb_epp_dstm_v1_00_a\data
   \d_usb_epp_dstm_v2_1_0.mpd line 38 
INFO:EDK:4130 - IPNAME: d_usb_epp_dstm, INSTANCE:Digilent_Usb_Epp - tool is
   overriding PARAMETER C_SPLB_NUM_MASTERS value to 2 -
   C:\PFC\Nexys3_PLB_BSB_Support\lib\Digilent\pcores\d_usb_epp_dstm_v1_00_a\data
   \d_usb_epp_dstm_v2_1_0.mpd line 39 
INFO:EDK:4130 - IPNAME: d_usb_epp_dstm, INSTANCE:Digilent_Usb_Epp - tool is
   overriding PARAMETER C_SPLB_MID_WIDTH value to 1 -
   C:\PFC\Nexys3_PLB_BSB_Support\lib\Digilent\pcores\d_usb_epp_dstm_v1_00_a\data
   \d_usb_epp_dstm_v2_1_0.mpd line 40 
INFO:EDK:4130 - IPNAME: quad_spi_if, INSTANCE:Digilent_QuadSPI_Cntlr - tool is
   overriding PARAMETER C_SPLB_DWIDTH value to 32 -
   C:\PFC\Nexys3_PLB_BSB_Support\lib\Digilent\pcores\quad_spi_if_v1_00_a\data\qu
   ad_spi_if_v2_1_0.mpd line 32 
INFO:EDK:4130 - IPNAME: quad_spi_if, INSTANCE:Digilent_QuadSPI_Cntlr - tool is
   overriding PARAMETER C_SPLB_NUM_MASTERS value to 2 -
   C:\PFC\Nexys3_PLB_BSB_Support\lib\Digilent\pcores\quad_spi_if_v1_00_a\data\qu
   ad_spi_if_v2_1_0.mpd line 33 
INFO:EDK:4130 - IPNAME: quad_spi_if, INSTANCE:Digilent_QuadSPI_Cntlr - tool is
   overriding PARAMETER C_SPLB_MID_WIDTH value to 1 -
   C:\PFC\Nexys3_PLB_BSB_Support\lib\Digilent\pcores\quad_spi_if_v1_00_a\data\qu
   ad_spi_if_v2_1_0.mpd line 34 
INFO:EDK:4130 - IPNAME: ssg_decoder, INSTANCE:Digilent_SevSeg_Disp - tool is
   overriding PARAMETER C_SPLB_DWIDTH value to 32 -
   C:\PFC\Nexys3_PLB_BSB_Support\lib\Digilent\pcores\ssg_decoder_v1_00_a\data\ss
   g_decoder_v2_1_0.mpd line 33 
INFO:EDK:4130 - IPNAME: ssg_decoder, INSTANCE:Digilent_SevSeg_Disp - tool is
   overriding PARAMETER C_SPLB_NUM_MASTERS value to 2 -
   C:\PFC\Nexys3_PLB_BSB_Support\lib\Digilent\pcores\ssg_decoder_v1_00_a\data\ss
   g_decoder_v2_1_0.mpd line 34 
INFO:EDK:4130 - IPNAME: ssg_decoder, INSTANCE:Digilent_SevSeg_Disp - tool is
   overriding PARAMETER C_SPLB_MID_WIDTH value to 1 -
   C:\PFC\Nexys3_PLB_BSB_Support\lib\Digilent\pcores\ssg_decoder_v1_00_a\data\ss
   g_decoder_v2_1_0.mpd line 35 
INFO:EDK:4130 - IPNAME: xps_timer, INSTANCE:xps_timer_0 - tool is overriding
   PARAMETER C_SPLB_MID_WIDTH value to 1 -
   C:\Xilinx\13.3\ISE_DS\EDK\hw\XilinxProcessorIPLib\pcores\xps_timer_v1_02_a\da
   ta\xps_timer_v2_1_0.mpd line 86 
INFO:EDK:4130 - IPNAME: xps_timer, INSTANCE:xps_timer_0 - tool is overriding
   PARAMETER C_SPLB_NUM_MASTERS value to 2 -
   C:\Xilinx\13.3\ISE_DS\EDK\hw\XilinxProcessorIPLib\pcores\xps_timer_v1_02_a\da
   ta\xps_timer_v2_1_0.mpd line 87 
INFO:EDK:4130 - IPNAME: mdm, INSTANCE:mdm_0 - tool is overriding PARAMETER
   C_SPLB_MID_WIDTH value to 1 -
   C:\Xilinx\13.3\ISE_DS\EDK\hw\XilinxProcessorIPLib\pcores\mdm_v2_00_b\data\mdm
   _v2_1_0.mpd line 92 
INFO:EDK:4130 - IPNAME: mdm, INSTANCE:mdm_0 - tool is overriding PARAMETER
   C_SPLB_NUM_MASTERS value to 2 -
   C:\Xilinx\13.3\ISE_DS\EDK\hw\XilinxProcessorIPLib\pcores\mdm_v2_00_b\data\mdm
   _v2_1_0.mpd line 93 
INFO:EDK:4130 - IPNAME: xps_intc, INSTANCE:xps_intc_0 - tool is overriding
   PARAMETER C_SPLB_NUM_MASTERS value to 2 -
   C:\Xilinx\13.3\ISE_DS\EDK\hw\XilinxProcessorIPLib\pcores\xps_intc_v2_01_a\dat
   a\xps_intc_v2_1_0.mpd line 82 

Checking platform address map ...

Checking platform configuration ...
IPNAME: plb_v46, INSTANCE: mb_plb - 2 master(s) : 13 slave(s) 
IPNAME: lmb_v10, INSTANCE: ilmb - 1 master(s) : 1 slave(s) 
IPNAME: lmb_v10, INSTANCE: dlmb - 1 master(s) : 1 slave(s) 

Checking port drivers...
WARNING:EDK:4180 - PORT: bscan_tdo1, CONNECTOR: bscan_tdo1 - No driver found.
   Port will be driven to GND -
   C:\Xilinx\13.3\ISE_DS\EDK\hw\XilinxProcessorIPLib\pcores\mdm_v2_00_b\data\mdm
   _v2_1_0.mpd line 239 
WARNING:EDK:4181 - PORT: ICACHE_FSL_IN_CLK, CONNECTOR:
   microblaze_0_IXCL_FSL_S_Clk - floating connection -
   C:\Xilinx\13.3\ISE_DS\EDK\hw\XilinxProcessorIPLib\pcores\microblaze_v8_20_a\d
   ata\microblaze_v2_1_0.mpd line 977 
WARNING:EDK:4181 - PORT: ICACHE_FSL_OUT_CLK, CONNECTOR:
   microblaze_0_IXCL_FSL_M_Clk - floating connection -
   C:\Xilinx\13.3\ISE_DS\EDK\hw\XilinxProcessorIPLib\pcores\microblaze_v8_20_a\d
   ata\microblaze_v2_1_0.mpd line 982 
WARNING:EDK:4181 - PORT: DCACHE_FSL_IN_CLK, CONNECTOR:
   microblaze_0_DXCL_FSL_S_Clk - floating connection -
   C:\Xilinx\13.3\ISE_DS\EDK\hw\XilinxProcessorIPLib\pcores\microblaze_v8_20_a\d
   ata\microblaze_v2_1_0.mpd line 987 
WARNING:EDK:4181 - PORT: DCACHE_FSL_OUT_CLK, CONNECTOR:
   microblaze_0_DXCL_FSL_M_Clk - floating connection -
   C:\Xilinx\13.3\ISE_DS\EDK\hw\XilinxProcessorIPLib\pcores\microblaze_v8_20_a\d
   ata\microblaze_v2_1_0.mpd line 992 
WARNING:EDK:4181 - PORT: bscan_tdi, CONNECTOR: bscan_tdi - floating connection -
   C:\Xilinx\13.3\ISE_DS\EDK\hw\XilinxProcessorIPLib\pcores\mdm_v2_00_b\data\mdm
   _v2_1_0.mpd line 232 
WARNING:EDK:4181 - PORT: bscan_reset, CONNECTOR: bscan_reset - floating
   connection -
   C:\Xilinx\13.3\ISE_DS\EDK\hw\XilinxProcessorIPLib\pcores\mdm_v2_00_b\data\mdm
   _v2_1_0.mpd line 233 
WARNING:EDK:4181 - PORT: bscan_shift, CONNECTOR: bscan_shift - floating
   connection -
   C:\Xilinx\13.3\ISE_DS\EDK\hw\XilinxProcessorIPLib\pcores\mdm_v2_00_b\data\mdm
   _v2_1_0.mpd line 234 
WARNING:EDK:4181 - PORT: bscan_update, CONNECTOR: bscan_update - floating
   connection -
   C:\Xilinx\13.3\ISE_DS\EDK\hw\XilinxProcessorIPLib\pcores\mdm_v2_00_b\data\mdm
   _v2_1_0.mpd line 235 
WARNING:EDK:4181 - PORT: bscan_capture, CONNECTOR: bscan_capture - floating
   connection -
   C:\Xilinx\13.3\ISE_DS\EDK\hw\XilinxProcessorIPLib\pcores\mdm_v2_00_b\data\mdm
   _v2_1_0.mpd line 236 
WARNING:EDK:4181 - PORT: bscan_sel1, CONNECTOR: bscan_sel1 - floating connection
   -
   C:\Xilinx\13.3\ISE_DS\EDK\hw\XilinxProcessorIPLib\pcores\mdm_v2_00_b\data\mdm
   _v2_1_0.mpd line 237 
WARNING:EDK:4181 - PORT: bscan_drck1, CONNECTOR: bscan_drck1 - floating
   connection -
   C:\Xilinx\13.3\ISE_DS\EDK\hw\XilinxProcessorIPLib\pcores\mdm_v2_00_b\data\mdm
   _v2_1_0.mpd line 238 
WARNING:EDK:4181 - PORT: Peripheral_Reset, CONNECTOR: sys_periph_reset -
   floating connection - C:\PFC\Nexys3_v024\system.mhs line 394 

Performing Clock DRCs...

Performing Reset DRCs...

Overriding system level properties...
INFO:EDK:4130 - IPNAME: microblaze, INSTANCE:microblaze_0 - tcl is overriding
   PARAMETER C_D_PLB value to 1 -
   C:\Xilinx\13.3\ISE_DS\EDK\hw\XilinxProcessorIPLib\pcores\microblaze_v8_20_a\d
   ata\microblaze_v2_1_0.mpd line 228 
INFO:EDK:4130 - IPNAME: microblaze, INSTANCE:microblaze_0 - tcl is overriding
   PARAMETER C_I_PLB value to 1 -
   C:\Xilinx\13.3\ISE_DS\EDK\hw\XilinxProcessorIPLib\pcores\microblaze_v8_20_a\d
   ata\microblaze_v2_1_0.mpd line 231 
INFO:EDK:4130 - IPNAME: microblaze, INSTANCE:microblaze_0 - tcl is overriding
   PARAMETER C_ADDR_TAG_BITS value to 10 -
   C:\Xilinx\13.3\ISE_DS\EDK\hw\XilinxProcessorIPLib\pcores\microblaze_v8_20_a\d
   ata\microblaze_v2_1_0.mpd line 331 
INFO:EDK:4130 - IPNAME: microblaze, INSTANCE:microblaze_0 - tcl is overriding
   PARAMETER C_DCACHE_ADDR_TAG value to 10 -
   C:\Xilinx\13.3\ISE_DS\EDK\hw\XilinxProcessorIPLib\pcores\microblaze_v8_20_a\d
   ata\microblaze_v2_1_0.mpd line 361 
INFO:EDK:4130 - IPNAME: microblaze, INSTANCE:microblaze_0 - tcl is overriding
   PARAMETER C_USE_INTERRUPT value to 1 -
   C:\Xilinx\13.3\ISE_DS\EDK\hw\XilinxProcessorIPLib\pcores\microblaze_v8_20_a\d
   ata\microblaze_v2_1_0.mpd line 395 
INFO:EDK:4130 - IPNAME: microblaze, INSTANCE:microblaze_0 - tcl is overriding
   PARAMETER C_USE_EXT_BRK value to 1 -
   C:\Xilinx\13.3\ISE_DS\EDK\hw\XilinxProcessorIPLib\pcores\microblaze_v8_20_a\d
   ata\microblaze_v2_1_0.mpd line 396 
INFO:EDK:4130 - IPNAME: microblaze, INSTANCE:microblaze_0 - tcl is overriding
   PARAMETER C_USE_EXT_NM_BRK value to 1 -
   C:\Xilinx\13.3\ISE_DS\EDK\hw\XilinxProcessorIPLib\pcores\microblaze_v8_20_a\d
   ata\microblaze_v2_1_0.mpd line 397 
INFO:EDK:4130 - IPNAME: lmb_bram_if_cntlr, INSTANCE:dlmb_cntlr - tcl is
   overriding PARAMETER C_MASK value to 0x80000000 -
   C:\Xilinx\13.3\ISE_DS\EDK\hw\XilinxProcessorIPLib\pcores\lmb_bram_if_cntlr_v3
   _00_b\data\lmb_bram_if_cntlr_v2_1_0.mpd line 87 
INFO:EDK:4130 - IPNAME: lmb_bram_if_cntlr, INSTANCE:ilmb_cntlr - tcl is
   overriding PARAMETER C_MASK value to 0x80000000 -
   C:\Xilinx\13.3\ISE_DS\EDK\hw\XilinxProcessorIPLib\pcores\lmb_bram_if_cntlr_v3
   _00_b\data\lmb_bram_if_cntlr_v2_1_0.mpd line 87 
INFO:EDK:4130 - IPNAME: xps_intc, INSTANCE:xps_intc_0 - tcl is overriding
   PARAMETER C_NUM_INTR_INPUTS value to 1 -
   C:\Xilinx\13.3\ISE_DS\EDK\hw\XilinxProcessorIPLib\pcores\xps_intc_v2_01_a\dat
   a\xps_intc_v2_1_0.mpd line 86 
INFO:EDK:4130 - IPNAME: xps_intc, INSTANCE:xps_intc_0 - tcl is overriding
   PARAMETER C_KIND_OF_INTR value to 0b11111111111111111111111111111111 -
   C:\Xilinx\13.3\ISE_DS\EDK\hw\XilinxProcessorIPLib\pcores\xps_intc_v2_01_a\dat
   a\xps_intc_v2_1_0.mpd line 87 
INFO:EDK:4130 - IPNAME: xps_intc, INSTANCE:xps_intc_0 - tcl is overriding
   PARAMETER C_KIND_OF_EDGE value to 0b11111111111111111111111111111111 -
   C:\Xilinx\13.3\ISE_DS\EDK\hw\XilinxProcessorIPLib\pcores\xps_intc_v2_01_a\dat
   a\xps_intc_v2_1_0.mpd line 88 
INFO:EDK:4130 - IPNAME: xps_intc, INSTANCE:xps_intc_0 - tcl is overriding
   PARAMETER C_KIND_OF_LVL value to 0b11111111111111111111111111111111 -
   C:\Xilinx\13.3\ISE_DS\EDK\hw\XilinxProcessorIPLib\pcores\xps_intc_v2_01_a\dat
   a\xps_intc_v2_1_0.mpd line 89 

Running system level update procedures...

Running UPDATE Tcl procedures for OPTION SYSLEVEL_UPDATE_PROC...

Running system level DRCs...

Performing System level DRCs on properties...

Running DRC Tcl procedures for OPTION SYSLEVEL_DRC_PROC...

Running UPDATE Tcl procedures for OPTION PLATGEN_SYSLEVEL_UPDATE_PROC...
INFO: The microblaze_0 core has constraints automatically generated by XPS in
implementation/microblaze_0_wrapper/microblaze_0_wrapper.ucf.
It can be overridden by constraints placed in the system.ucf file.

INFO: The ilmb core has constraints automatically generated by XPS in
implementation/ilmb_wrapper/ilmb_wrapper.ucf.
It can be overridden by constraints placed in the system.ucf file.

INFO: The dlmb core has constraints automatically generated by XPS in
implementation/dlmb_wrapper/dlmb_wrapper.ucf.
It can be overridden by constraints placed in the system.ucf file.


Modify defaults ...

Creating stub ...

Processing licensed instances ...
Completion time: 0.00 seconds

Creating hardware output directories ...

Managing hardware (BBD-specified) netlist files ...

Managing cache ...

Elaborating instances ...
IPNAME:bram_block INSTANCE:lmb_bram - C:\PFC\Nexys3_v024\system.mhs line 126 -
elaborating IP
IPNAME:clock_generator INSTANCE:clock_generator_0 -
C:\PFC\Nexys3_v024\system.mhs line 357 - elaborating IP
ClkGen elaborate status: PASSED
----------------------------------------

Writing HDL for elaborated instances ...

Inserting wrapper level ...
Completion time: 1.00 seconds

Constructing platform-level connectivity ...
Completion time: 0.00 seconds

Writing (top-level) BMM ...

Writing (top-level and wrappers) HDL ...

Generating synthesis project file ...

Running XST synthesis ...

INFO:EDK:4211 - The following instances are synthesized with XST. The MPD option
   IMP_NETLIST=TRUE indicates that a NGC file is to be produced using XST
   synthesis. IMP_NETLIST=FALSE (default) instances are not synthesized. 
INSTANCE:microblaze_0 - C:\PFC\Nexys3_v024\system.mhs line 57 - Running XST
synthesis
INSTANCE:mb_plb - C:\PFC\Nexys3_v024\system.mhs line 87 - Running XST synthesis
INSTANCE:ilmb - C:\PFC\Nexys3_v024\system.mhs line 94 - Running XST synthesis
INSTANCE:dlmb - C:\PFC\Nexys3_v024\system.mhs line 101 - Running XST synthesis
INSTANCE:dlmb_cntlr - C:\PFC\Nexys3_v024\system.mhs line 108 - Running XST
synthesis
INSTANCE:ilmb_cntlr - C:\PFC\Nexys3_v024\system.mhs line 117 - Running XST
synthesis
INSTANCE:lmb_bram - C:\PFC\Nexys3_v024\system.mhs line 126 - Running XST
synthesis
INSTANCE:rs232_uart_1 - C:\PFC\Nexys3_v024\system.mhs line 133 - Running XST
synthesis
INSTANCE:dip_switches_8bits - C:\PFC\Nexys3_v024\system.mhs line 147 - Running
XST synthesis
INSTANCE:leds_8bits - C:\PFC\Nexys3_v024\system.mhs line 160 - Running XST
synthesis
INSTANCE:push_buttons_4bits - C:\PFC\Nexys3_v024\system.mhs line 173 - Running
XST synthesis
INSTANCE:ps2_mouse_keyboard - C:\PFC\Nexys3_v024\system.mhs line 186 - Running
XST synthesis
INSTANCE:micron_ram - C:\PFC\Nexys3_v024\system.mhs line 199 - Running XST
synthesis
INSTANCE:numonyx_pcm - C:\PFC\Nexys3_v024\system.mhs line 231 - Running XST
synthesis
INSTANCE:digilent_usb_epp - C:\PFC\Nexys3_v024\system.mhs line 263 - Running XST
synthesis
INSTANCE:digilent_quadspi_cntlr - C:\PFC\Nexys3_v024\system.mhs line 284 -
Running XST synthesis
INSTANCE:digilent_sevseg_disp - C:\PFC\Nexys3_v024\system.mhs line 297 - Running
XST synthesis
INSTANCE:mem_bus_mux_0 - C:\PFC\Nexys3_v024\system.mhs line 308 - Running XST
synthesis
INSTANCE:xps_timer_0 - C:\PFC\Nexys3_v024\system.mhs line 346 - Running XST
synthesis
INSTANCE:clock_generator_0 - C:\PFC\Nexys3_v024\system.mhs line 357 - Running
XST synthesis
INSTANCE:mdm_0 - C:\PFC\Nexys3_v024\system.mhs line 372 - Running XST synthesis
INSTANCE:proc_sys_reset_0 - C:\PFC\Nexys3_v024\system.mhs line 384 - Running XST
synthesis
INSTANCE:xps_intc_0 - C:\PFC\Nexys3_v024\system.mhs line 397 - Running XST
synthesis

Running NGCBUILD ...
IPNAME:microblaze_0_wrapper INSTANCE:microblaze_0 -
C:\PFC\Nexys3_v024\system.mhs line 57 - Running NGCBUILD
IPNAME:ilmb_wrapper INSTANCE:ilmb - C:\PFC\Nexys3_v024\system.mhs line 94 -
Running NGCBUILD
IPNAME:dlmb_wrapper INSTANCE:dlmb - C:\PFC\Nexys3_v024\system.mhs line 101 -
Running NGCBUILD
IPNAME:clock_generator_0_wrapper INSTANCE:clock_generator_0 -
C:\PFC\Nexys3_v024\system.mhs line 357 - Running NGCBUILD
IPNAME:xps_intc_0_wrapper INSTANCE:xps_intc_0 - C:\PFC\Nexys3_v024\system.mhs
line 397 - Running NGCBUILD
INFO:EDK:3509 - NCF files should not be modified as they will be regenerated.
   If any constraint needs to be overridden, this should be done by modifying
   the data/system.ucf file.

Rebuilding cache ...

Total run time: 511.00 seconds
