Release 13.3 Xflow O.76xd (nt64)
Copyright (c) 1995-2011 Xilinx, Inc.  All rights reserved.
xflow.exe -wd implementation -p xc6slx45csg324-2 -implement xflow.opt system.ngc
 
PMSPEC -- Overriding Xilinx file
<C:/Xilinx/13.3/ISE_DS/EDK/spartan6/data/spartan6.acd> with local file
<C:/Xilinx/13.3/ISE_DS/ISE/spartan6/data/spartan6.acd>

Using Flow File: C:/PFC/Atlys_v003/implementation/fpga.flw 
Using Option File(s): 
 C:/PFC/Atlys_v003/implementation/xflow.opt 

Creating Script File ... 

#----------------------------------------------#
# Starting program ngdbuild
# ngdbuild -p xc6slx45csg324-2 -nt timestamp -bm system.bmm
"C:/PFC/Atlys_v003/implementation/system.ngc" -uc system.ucf system.ngd 
#----------------------------------------------#
Release 13.3 - ngdbuild O.76xd (nt64)
Copyright (c) 1995-2011 Xilinx, Inc.  All rights reserved.
PMSPEC -- Overriding Xilinx file
<C:/Xilinx/13.3/ISE_DS/EDK/spartan6/data/spartan6.acd> with local file
<C:/Xilinx/13.3/ISE_DS/ISE/spartan6/data/spartan6.acd>

Command Line: C:\Xilinx\13.3\ISE_DS\ISE\bin\nt64\unwrapped\ngdbuild.exe -p
xc6slx45csg324-2 -nt timestamp -bm system.bmm
C:/PFC/Atlys_v003/implementation/system.ngc -uc system.ucf system.ngd

Reading NGO file "C:/PFC/Atlys_v003/implementation/system.ngc" ...
Loading design module
"C:/PFC/Atlys_v003/implementation/dip_switches_8bits_wrapper.ngc"...
Loading design module
"C:/PFC/Atlys_v003/implementation/push_buttons_5bits_wrapper.ngc"...
Loading design module
"C:/PFC/Atlys_v003/implementation/rs232_uart_1_wrapper.ngc"...
Loading design module
"C:/PFC/Atlys_v003/implementation/clock_generator_0_wrapper.ngc"...
Loading design module
"C:/PFC/Atlys_v003/implementation/proc_sys_reset_0_wrapper.ngc"...
Loading design module "C:/PFC/Atlys_v003/implementation/mcb_ddr2_wrapper.ngc"...
Loading design module
"C:/PFC/Atlys_v003/implementation/microblaze_0_wrapper.ngc"...
Loading design module "C:/PFC/Atlys_v003/implementation/mb_plb_wrapper.ngc"...
Loading design module "C:/PFC/Atlys_v003/implementation/ilmb_wrapper.ngc"...
Loading design module "C:/PFC/Atlys_v003/implementation/dlmb_wrapper.ngc"...
Loading design module
"C:/PFC/Atlys_v003/implementation/dlmb_cntlr_wrapper.ngc"...
Loading design module
"C:/PFC/Atlys_v003/implementation/ilmb_cntlr_wrapper.ngc"...
Loading design module
"C:/PFC/Atlys_v003/implementation/leds_8bits_wrapper.ngc"...
Loading design module
"C:/PFC/Atlys_v003/implementation/ps2_keyboard_mouse_wrapper.ngc"...
Loading design module
"C:/PFC/Atlys_v003/implementation/digilent_quadspi_cntlr_wrapper.ngc"...
Loading design module
"C:/PFC/Atlys_v003/implementation/xps_timer_0_wrapper.ngc"...
Loading design module "C:/PFC/Atlys_v003/implementation/mdm_0_wrapper.ngc"...
Loading design module
"C:/PFC/Atlys_v003/implementation/xps_intc_0_wrapper.ngc"...
Loading design module "C:/PFC/Atlys_v003/implementation/lmb_bram_wrapper.ngc"...
Applying constraints in "C:/PFC/Atlys_v003/implementation/mcb_ddr2_wrapper.ncf"
to module "MCB_DDR2"...
Checking Constraint Associations...
Gathering constraint information from source properties...
Done.

Annotating constraints to design from ucf file "system.ucf" ...
Resolving constraint associations...
Checking Constraint Associations...
INFO:ConstraintSystem:178 - TNM 'sys_clk_pin', used in period specification
   'TS_sys_clk_pin', was traced into PLL_ADV instance
   clock_generator_0/PLL0_INST/Using_PLL_ADV.PLL_ADV_inst. The following new TNM
   groups and period specifications were generated at the PLL_ADV output(s): 
   CLKOUT1: <TIMESPEC TS_clk_600_0000MHz180PLL0_nobuf = PERIOD
   "clk_600_0000MHz180PLL0_nobuf" TS_sys_clk_pin * 6 PHASE 0.833333333 ns HIGH
   50%>

INFO:ConstraintSystem:178 - TNM 'sys_clk_pin', used in period specification
   'TS_sys_clk_pin', was traced into PLL_ADV instance
   clock_generator_0/PLL0_INST/Using_PLL_ADV.PLL_ADV_inst. The following new TNM
   groups and period specifications were generated at the PLL_ADV output(s): 
   CLKOUT0: <TIMESPEC TS_clk_600_0000MHzPLL0_nobuf = PERIOD
   "clk_600_0000MHzPLL0_nobuf" TS_sys_clk_pin * 6 HIGH 50%>

INFO:ConstraintSystem:178 - TNM 'sys_clk_pin', used in period specification
   'TS_sys_clk_pin', was traced into PLL_ADV instance
   clock_generator_0/PLL0_INST/Using_PLL_ADV.PLL_ADV_inst. The following new TNM
   groups and period specifications were generated at the PLL_ADV output(s): 
   CLKOUT2: <TIMESPEC TS_clock_generator_0_clock_generator_0_SIG_PLL0_CLKOUT2 =
   PERIOD "clock_generator_0_clock_generator_0_SIG_PLL0_CLKOUT2" TS_sys_clk_pin
   * 0.666666667 HIGH 50%>

WARNING:NgdBuild:1012 - The constraint <NET "fpga_0_MCB_DDR2_zio_pin" IOSTANDARD
   = "SSTL18_II"> is overridden on the design object fpga_0_MCB_DDR2_zio_pin by
   the constraint <Net fpga_0_MCB_DDR2_zio_pin IOSTANDARD = LVCMOS18_JEDEC;>
   [system.ucf(26)].
WARNING:NgdBuild:1012 - The constraint <NET "fpga_0_MCB_DDR2_rzq_pin" IOSTANDARD
   = "SSTL18_II"> is overridden on the design object fpga_0_MCB_DDR2_rzq_pin by
   the constraint <Net fpga_0_MCB_DDR2_rzq_pin IOSTANDARD = LVCMOS18_JEDEC;>
   [system.ucf(25)].
Done...

Processing BMM file "system.bmm" ...

Checking expanded design ...
WARNING:NgdBuild:443 - SFF primitive
   'microblaze_0/microblaze_0/MicroBlaze_Core_I/Performance.Decode_I/Using_FPGA.
   Gen_Bits[27].MEM_EX_Result_Inst' has unconnected output pin
WARNING:NgdBuild:443 - SFF primitive
   'xps_timer_0/xps_timer_0/TC_CORE_I/TIMER_CONTROL_I/TCSR1_GENERATE[20].TCSR1_F
   F_I' has unconnected output pin
WARNING:NgdBuild:443 - SFF primitive
   'xps_timer_0/xps_timer_0/TC_CORE_I/TIMER_CONTROL_I/TCSR1_GENERATE[19].TCSR1_F
   F_I' has unconnected output pin
WARNING:NgdBuild:443 - SFF primitive
   'xps_timer_0/xps_timer_0/TC_CORE_I/TIMER_CONTROL_I/TCSR1_GENERATE[18].TCSR1_F
   F_I' has unconnected output pin
WARNING:NgdBuild:443 - SFF primitive
   'xps_timer_0/xps_timer_0/TC_CORE_I/TIMER_CONTROL_I/TCSR1_GENERATE[17].TCSR1_F
   F_I' has unconnected output pin
WARNING:NgdBuild:443 - SFF primitive
   'xps_timer_0/xps_timer_0/TC_CORE_I/TIMER_CONTROL_I/TCSR1_GENERATE[16].TCSR1_F
   F_I' has unconnected output pin
WARNING:NgdBuild:443 - SFF primitive
   'xps_timer_0/xps_timer_0/TC_CORE_I/TIMER_CONTROL_I/TCSR1_GENERATE[15].TCSR1_F
   F_I' has unconnected output pin
WARNING:NgdBuild:443 - SFF primitive
   'xps_timer_0/xps_timer_0/TC_CORE_I/TIMER_CONTROL_I/TCSR1_GENERATE[14].TCSR1_F
   F_I' has unconnected output pin
WARNING:NgdBuild:443 - SFF primitive
   'xps_timer_0/xps_timer_0/TC_CORE_I/TIMER_CONTROL_I/TCSR1_GENERATE[13].TCSR1_F
   F_I' has unconnected output pin
WARNING:NgdBuild:443 - SFF primitive
   'xps_timer_0/xps_timer_0/TC_CORE_I/TIMER_CONTROL_I/TCSR1_GENERATE[12].TCSR1_F
   F_I' has unconnected output pin
WARNING:NgdBuild:443 - SFF primitive
   'xps_timer_0/xps_timer_0/TC_CORE_I/TIMER_CONTROL_I/TCSR1_GENERATE[11].TCSR1_F
   F_I' has unconnected output pin
WARNING:NgdBuild:443 - SFF primitive
   'xps_timer_0/xps_timer_0/TC_CORE_I/TIMER_CONTROL_I/TCSR1_GENERATE[10].TCSR1_F
   F_I' has unconnected output pin
WARNING:NgdBuild:443 - SFF primitive
   'xps_timer_0/xps_timer_0/TC_CORE_I/TIMER_CONTROL_I/TCSR1_GENERATE[9].TCSR1_FF
   _I' has unconnected output pin
WARNING:NgdBuild:443 - SFF primitive
   'xps_timer_0/xps_timer_0/TC_CORE_I/TIMER_CONTROL_I/TCSR1_GENERATE[8].TCSR1_FF
   _I' has unconnected output pin
WARNING:NgdBuild:443 - SFF primitive
   'xps_timer_0/xps_timer_0/TC_CORE_I/TIMER_CONTROL_I/TCSR1_GENERATE[7].TCSR1_FF
   _I' has unconnected output pin
WARNING:NgdBuild:443 - SFF primitive
   'xps_timer_0/xps_timer_0/TC_CORE_I/TIMER_CONTROL_I/TCSR1_GENERATE[6].TCSR1_FF
   _I' has unconnected output pin
WARNING:NgdBuild:443 - SFF primitive
   'xps_timer_0/xps_timer_0/TC_CORE_I/TIMER_CONTROL_I/TCSR1_GENERATE[5].TCSR1_FF
   _I' has unconnected output pin
WARNING:NgdBuild:443 - SFF primitive
   'xps_timer_0/xps_timer_0/TC_CORE_I/TIMER_CONTROL_I/TCSR1_GENERATE[4].TCSR1_FF
   _I' has unconnected output pin
WARNING:NgdBuild:443 - SFF primitive
   'xps_timer_0/xps_timer_0/TC_CORE_I/TIMER_CONTROL_I/TCSR1_GENERATE[3].TCSR1_FF
   _I' has unconnected output pin
WARNING:NgdBuild:443 - SFF primitive
   'xps_timer_0/xps_timer_0/TC_CORE_I/TIMER_CONTROL_I/TCSR1_GENERATE[2].TCSR1_FF
   _I' has unconnected output pin
WARNING:NgdBuild:443 - SFF primitive
   'xps_timer_0/xps_timer_0/TC_CORE_I/TIMER_CONTROL_I/TCSR1_GENERATE[1].TCSR1_FF
   _I' has unconnected output pin
WARNING:NgdBuild:443 - SFF primitive
   'xps_timer_0/xps_timer_0/TC_CORE_I/TIMER_CONTROL_I/TCSR1_GENERATE[0].TCSR1_FF
   _I' has unconnected output pin
WARNING:NgdBuild:443 - SFF primitive
   'xps_timer_0/xps_timer_0/TC_CORE_I/TIMER_CONTROL_I/TCSR0_GENERATE[20].TCSR0_F
   F_I' has unconnected output pin
WARNING:NgdBuild:443 - SFF primitive
   'xps_timer_0/xps_timer_0/TC_CORE_I/TIMER_CONTROL_I/TCSR0_GENERATE[19].TCSR0_F
   F_I' has unconnected output pin
WARNING:NgdBuild:443 - SFF primitive
   'xps_timer_0/xps_timer_0/TC_CORE_I/TIMER_CONTROL_I/TCSR0_GENERATE[18].TCSR0_F
   F_I' has unconnected output pin
WARNING:NgdBuild:443 - SFF primitive
   'xps_timer_0/xps_timer_0/TC_CORE_I/TIMER_CONTROL_I/TCSR0_GENERATE[17].TCSR0_F
   F_I' has unconnected output pin
WARNING:NgdBuild:443 - SFF primitive
   'xps_timer_0/xps_timer_0/TC_CORE_I/TIMER_CONTROL_I/TCSR0_GENERATE[16].TCSR0_F
   F_I' has unconnected output pin
WARNING:NgdBuild:443 - SFF primitive
   'xps_timer_0/xps_timer_0/TC_CORE_I/TIMER_CONTROL_I/TCSR0_GENERATE[15].TCSR0_F
   F_I' has unconnected output pin
WARNING:NgdBuild:443 - SFF primitive
   'xps_timer_0/xps_timer_0/TC_CORE_I/TIMER_CONTROL_I/TCSR0_GENERATE[14].TCSR0_F
   F_I' has unconnected output pin
WARNING:NgdBuild:443 - SFF primitive
   'xps_timer_0/xps_timer_0/TC_CORE_I/TIMER_CONTROL_I/TCSR0_GENERATE[13].TCSR0_F
   F_I' has unconnected output pin
WARNING:NgdBuild:443 - SFF primitive
   'xps_timer_0/xps_timer_0/TC_CORE_I/TIMER_CONTROL_I/TCSR0_GENERATE[12].TCSR0_F
   F_I' has unconnected output pin
WARNING:NgdBuild:443 - SFF primitive
   'xps_timer_0/xps_timer_0/TC_CORE_I/TIMER_CONTROL_I/TCSR0_GENERATE[11].TCSR0_F
   F_I' has unconnected output pin
WARNING:NgdBuild:443 - SFF primitive
   'xps_timer_0/xps_timer_0/TC_CORE_I/TIMER_CONTROL_I/TCSR0_GENERATE[10].TCSR0_F
   F_I' has unconnected output pin
WARNING:NgdBuild:443 - SFF primitive
   'xps_timer_0/xps_timer_0/TC_CORE_I/TIMER_CONTROL_I/TCSR0_GENERATE[9].TCSR0_FF
   _I' has unconnected output pin
WARNING:NgdBuild:443 - SFF primitive
   'xps_timer_0/xps_timer_0/TC_CORE_I/TIMER_CONTROL_I/TCSR0_GENERATE[8].TCSR0_FF
   _I' has unconnected output pin
WARNING:NgdBuild:443 - SFF primitive
   'xps_timer_0/xps_timer_0/TC_CORE_I/TIMER_CONTROL_I/TCSR0_GENERATE[7].TCSR0_FF
   _I' has unconnected output pin
WARNING:NgdBuild:443 - SFF primitive
   'xps_timer_0/xps_timer_0/TC_CORE_I/TIMER_CONTROL_I/TCSR0_GENERATE[6].TCSR0_FF
   _I' has unconnected output pin
WARNING:NgdBuild:443 - SFF primitive
   'xps_timer_0/xps_timer_0/TC_CORE_I/TIMER_CONTROL_I/TCSR0_GENERATE[5].TCSR0_FF
   _I' has unconnected output pin
WARNING:NgdBuild:443 - SFF primitive
   'xps_timer_0/xps_timer_0/TC_CORE_I/TIMER_CONTROL_I/TCSR0_GENERATE[4].TCSR0_FF
   _I' has unconnected output pin
WARNING:NgdBuild:443 - SFF primitive
   'xps_timer_0/xps_timer_0/TC_CORE_I/TIMER_CONTROL_I/TCSR0_GENERATE[3].TCSR0_FF
   _I' has unconnected output pin
WARNING:NgdBuild:443 - SFF primitive
   'xps_timer_0/xps_timer_0/TC_CORE_I/TIMER_CONTROL_I/TCSR0_GENERATE[2].TCSR0_FF
   _I' has unconnected output pin
WARNING:NgdBuild:443 - SFF primitive
   'xps_timer_0/xps_timer_0/TC_CORE_I/TIMER_CONTROL_I/TCSR0_GENERATE[1].TCSR0_FF
   _I' has unconnected output pin
WARNING:NgdBuild:443 - SFF primitive
   'xps_timer_0/xps_timer_0/TC_CORE_I/TIMER_CONTROL_I/TCSR0_GENERATE[0].TCSR0_FF
   _I' has unconnected output pin
WARNING:NgdBuild:452 - logical net 'N32' has no driver
WARNING:NgdBuild:452 - logical net 'N33' has no driver
WARNING:NgdBuild:452 - logical net 'N34' has no driver
WARNING:NgdBuild:452 - logical net 'N35' has no driver
WARNING:NgdBuild:452 - logical net 'N36' has no driver
WARNING:NgdBuild:452 - logical net 'N37' has no driver
WARNING:NgdBuild:452 - logical net 'N38' has no driver
WARNING:NgdBuild:452 - logical net 'N39' has no driver
WARNING:NgdBuild:452 - logical net 'N40' has no driver
WARNING:NgdBuild:452 - logical net 'N41' has no driver
WARNING:NgdBuild:452 - logical net 'N42' has no driver
WARNING:NgdBuild:452 - logical net 'N43' has no driver
WARNING:NgdBuild:452 - logical net 'N44' has no driver
WARNING:NgdBuild:452 - logical net 'N45' has no driver
WARNING:NgdBuild:452 - logical net 'N46' has no driver
WARNING:NgdBuild:452 - logical net 'N47' has no driver
WARNING:NgdBuild:452 - logical net 'N52' has no driver
WARNING:NgdBuild:452 - logical net 'N53' has no driver
WARNING:NgdBuild:452 - logical net 'N54' has no driver
WARNING:NgdBuild:452 - logical net 'N55' has no driver
WARNING:NgdBuild:452 - logical net 'N56' has no driver
WARNING:NgdBuild:452 - logical net 'N57' has no driver
WARNING:NgdBuild:478 - clock net mdm_0/bscan_drck1 with clock driver
   mdm_0/mdm_0/BUFG_DRCK1 drives no clock pins

Partition Implementation Status
-------------------------------

  No Partitions were found in this design.

-------------------------------

NGDBUILD Design Results Summary:
  Number of errors:     0
  Number of warnings:  68

Writing NGD file "system.ngd" ...
Total REAL time to NGDBUILD completion:  56 sec
Total CPU time to NGDBUILD completion:   53 sec

Writing NGDBUILD log file "system.bld"...

NGDBUILD done.



#----------------------------------------------#
# Starting program map
# map -o system_map.ncd -w -pr b -ol high -timing -detail system.ngd system.pcf 
#----------------------------------------------#
Release 13.3 - Map O.76xd (nt64)
Copyright (c) 1995-2011 Xilinx, Inc.  All rights reserved.
PMSPEC -- Overriding Xilinx file
<C:/Xilinx/13.3/ISE_DS/EDK/data/Xdh_PrimTypeLib.xda> with local file
<C:/Xilinx/13.3/ISE_DS/ISE/data/Xdh_PrimTypeLib.xda>
Using target part "6slx45csg324-2".
vvvvvvvvvvvvvvvvvvvvvvvvvvvvvvvvvvvvvvvvvvvvvvvvvvvvvvvvvvvvvvvvvvvvvv
INFO:Security:54 - 'xc6slx45' is a WebPack part.
INFO:Security:66 - Your license for 'ISE' is for evaluation use only.
WARNING:Security:42 - Your license support version '2012.06' for ISE expires in
21 days after which you will not qualify for Xilinx software updates or new
releases.
----------------------------------------------------------------------
Mapping design into LUTs...
Writing file system_map.ngm...
Running directed packing...
Running delay-based LUT packing...
Updating timing models...
INFO:Map:215 - The Interim Design Summary has been generated in the MAP Report
   (.mrp).
Running timing-driven placement...
Total REAL time at the beginning of Placer: 43 secs 
Total CPU  time at the beginning of Placer: 37 secs 

Phase 1.1  Initial Placement Analysis
Phase 1.1  Initial Placement Analysis (Checksum:a26e213d) REAL time: 48 secs 

Phase 2.7  Design Feasibility Check
WARNING:Place:838 - An IO Bus with more than one IO standard is found.
   Components associated with this bus are as follows: 
   	 Comp: fpga_0_DIP_Switches_8Bits_GPIO_IO_I_pin<7>   IOSTANDARD = LVCMOS18
   	 Comp: fpga_0_DIP_Switches_8Bits_GPIO_IO_I_pin<6>   IOSTANDARD = LVCMOS33
   	 Comp: fpga_0_DIP_Switches_8Bits_GPIO_IO_I_pin<5>   IOSTANDARD = LVCMOS33
   	 Comp: fpga_0_DIP_Switches_8Bits_GPIO_IO_I_pin<4>   IOSTANDARD = LVCMOS33
   	 Comp: fpga_0_DIP_Switches_8Bits_GPIO_IO_I_pin<3>   IOSTANDARD = LVCMOS33
   	 Comp: fpga_0_DIP_Switches_8Bits_GPIO_IO_I_pin<2>   IOSTANDARD = LVCMOS33
   	 Comp: fpga_0_DIP_Switches_8Bits_GPIO_IO_I_pin<1>   IOSTANDARD = LVCMOS33
   	 Comp: fpga_0_DIP_Switches_8Bits_GPIO_IO_I_pin<0>   IOSTANDARD = LVCMOS33


Phase 2.7  Design Feasibility Check (Checksum:a26e213d) REAL time: 50 secs 

Phase 3.31  Local Placement Optimization
Phase 3.31  Local Placement Optimization (Checksum:944ef28d) REAL time: 50 secs 

Phase 4.2  Initial Placement for Architecture Specific Features

Phase 4.2  Initial Placement for Architecture Specific Features
(Checksum:98d8e4a8) REAL time: 1 mins 35 secs 

Phase 5.36  Local Placement Optimization
Phase 5.36  Local Placement Optimization (Checksum:98d8e4a8) REAL time: 1 mins 35 secs 

Phase 6.30  Global Clock Region Assignment
Phase 6.30  Global Clock Region Assignment (Checksum:98d8e4a8) REAL time: 1 mins 35 secs 

Phase 7.3  Local Placement Optimization
Phase 7.3  Local Placement Optimization (Checksum:98d8e4a8) REAL time: 1 mins 35 secs 

Phase 8.5  Local Placement Optimization
Phase 8.5  Local Placement Optimization (Checksum:98d8e4a8) REAL time: 1 mins 35 secs 

Phase 9.8  Global Placement
.....................
.....................................................
...................................................................................................................................................
..................................................................................................................................................................................
....................
Phase 9.8  Global Placement (Checksum:f647cab1) REAL time: 4 mins 52 secs 

Phase 10.5  Local Placement Optimization
Phase 10.5  Local Placement Optimization (Checksum:f647cab1) REAL time: 4 mins 52 secs 

Phase 11.18  Placement Optimization
Phase 11.18  Placement Optimization (Checksum:a2c5f0a1) REAL time: 5 mins 15 secs 

Phase 12.5  Local Placement Optimization
Phase 12.5  Local Placement Optimization (Checksum:a2c5f0a1) REAL time: 5 mins 15 secs 

Phase 13.34  Placement Validation
Phase 13.34  Placement Validation (Checksum:40469689) REAL time: 5 mins 16 secs 

Total REAL time to Placer completion: 5 mins 32 secs 
Total CPU  time to Placer completion: 5 mins 19 secs 
Running post-placement packing...
Writing output files...

Design Summary:
Number of errors:      0
Number of warnings:   37
Slice Logic Utilization:
  Number of Slice Registers:                 5,032 out of  54,576    9%
    Number used as Flip Flops:               5,023
    Number used as Latches:                      0
    Number used as Latch-thrus:                  0
    Number used as AND/OR logics:                9
  Number of Slice LUTs:                      5,851 out of  27,288   21%
    Number used as logic:                    5,464 out of  27,288   20%
      Number using O6 output only:           3,991
      Number using O5 output only:             242
      Number using O5 and O6:                1,231
      Number used as ROM:                        0
    Number used as Memory:                     254 out of   6,408    3%
      Number used as Dual Port RAM:            136
        Number using O6 output only:             4
        Number using O5 output only:             4
        Number using O5 and O6:                128
      Number used as Single Port RAM:            0
      Number used as Shift Register:           118
        Number using O6 output only:            41
        Number using O5 output only:             1
        Number using O5 and O6:                 76
    Number used exclusively as route-thrus:    133
      Number with same-slice register load:    109
      Number with same-slice carry load:        24
      Number with other load:                    0

Slice Logic Distribution:
  Number of occupied Slices:                 2,463 out of   6,822   36%
  Nummber of MUXCYs used:                    1,208 out of  13,644    8%
  Number of LUT Flip Flop pairs used:        7,216
    Number with an unused Flip Flop:         2,559 out of   7,216   35%
    Number with an unused LUT:               1,365 out of   7,216   18%
    Number of fully used LUT-FF pairs:       3,292 out of   7,216   45%
    Number of unique control sets:             343
    Number of slice register sites lost
      to control set restrictions:           1,343 out of  54,576    2%

  A LUT Flip Flop pair for this architecture represents one LUT paired with
  one Flip Flop within a slice.  A control set is a unique combination of
  clock, reset, set, and enable signals for a registered element.
  The Slice Logic Distribution report is not meaningful if the design is
  over-mapped for a non-slice resource or if Placement fails.

IO Utilization:
  Number of bonded IOBs:                        82 out of     218   37%
    Number of LOCed IOBs:                       82 out of      82  100%
    IOB Flip Flops:                             25

Specific Feature Utilization:
  Number of RAMB16BWERs:                        77 out of     116   66%
  Number of RAMB8BWERs:                          2 out of     232    1%
  Number of BUFIO2/BUFIO2_2CLKs:                 1 out of      32    3%
    Number used as BUFIO2s:                      1
    Number used as BUFIO2_2CLKs:                 0
  Number of BUFIO2FB/BUFIO2FB_2CLKs:             0 out of      32    0%
  Number of BUFG/BUFGMUXs:                       2 out of      16   12%
    Number used as BUFGs:                        2
    Number used as BUFGMUX:                      0
  Number of DCM/DCM_CLKGENs:                     0 out of       8    0%
  Number of ILOGIC2/ISERDES2s:                   7 out of     376    1%
    Number used as ILOGIC2s:                     7
    Number used as ISERDES2s:                    0
  Number of IODELAY2/IODRP2/IODRP2_MCBs:        24 out of     376    6%
    Number used as IODELAY2s:                    0
    Number used as IODRP2s:                      2
    Number used as IODRP2_MCBs:                 22
  Number of OLOGIC2/OSERDES2s:                  61 out of     376   16%
    Number used as OLOGIC2s:                    16
    Number used as OSERDES2s:                   45
  Number of BSCANs:                              1 out of       4   25%
  Number of BUFHs:                               0 out of     256    0%
  Number of BUFPLLs:                             0 out of       8    0%
  Number of BUFPLL_MCBs:                         1 out of       4   25%
  Number of DSP48A1s:                           10 out of      58   17%
  Number of ICAPs:                               0 out of       1    0%
  Number of MCBs:                                1 out of       2   50%
  Number of PCILOGICSEs:                         0 out of       2    0%
  Number of PLL_ADVs:                            1 out of       4   25%
  Number of PMVs:                                0 out of       1    0%
  Number of STARTUPs:                            0 out of       1    0%
  Number of SUSPEND_SYNCs:                       0 out of       1    0%

Average Fanout of Non-Clock Nets:                3.83

Peak Memory Usage:  644 MB
Total REAL time to MAP completion:  5 mins 43 secs 
Total CPU time to MAP completion:   5 mins 29 secs 

Mapping completed.
See MAP report file "system_map.mrp" for details.



#----------------------------------------------#
# Starting program par
# par -w -ol high system_map.ncd system.ncd system.pcf 
#----------------------------------------------#
Release 13.3 - par O.76xd (nt64)
Copyright (c) 1995-2011 Xilinx, Inc.  All rights reserved.
PMSPEC -- Overriding Xilinx file <C:/Xilinx/13.3/ISE_DS/EDK/data/parBmgr.acd> with local file
<C:/Xilinx/13.3/ISE_DS/ISE/data/parBmgr.acd>



Constraints file: system.pcf.
Loading device for application Rf_Device from file '6slx45.nph' in environment
C:\Xilinx\13.3\ISE_DS\ISE\;C:\Xilinx\13.3\ISE_DS\EDK.
   "system" is an NCD, version 3.2, device xc6slx45, package csg324, speed -2
vvvvvvvvvvvvvvvvvvvvvvvvvvvvvvvvvvvvvvvvvvvvvvvvvvvvvvvvvvvvvvvvvvvvvv
INFO:Security:54 - 'xc6slx45' is a WebPack part.
INFO:Security:66 - Your license for 'ISE' is for evaluation use only.
WARNING:Security:42 - Your license support version '2012.06' for ISE expires in 21 days after which you will not qualify
for Xilinx software updates or new releases.

----------------------------------------------------------------------

Initializing temperature to 85.000 Celsius. (default - Range: 0.000 to 85.000 Celsius)
Initializing voltage to 1.140 Volts. (default - Range: 1.140 to 1.260 Volts)


Device speed data version:  "PRODUCTION 1.20 2011-10-03".



Device Utilization Summary:

Slice Logic Utilization:
  Number of Slice Registers:                 5,032 out of  54,576    9%
    Number used as Flip Flops:               5,023
    Number used as Latches:                      0
    Number used as Latch-thrus:                  0
    Number used as AND/OR logics:                9
  Number of Slice LUTs:                      5,851 out of  27,288   21%
    Number used as logic:                    5,464 out of  27,288   20%
      Number using O6 output only:           3,991
      Number using O5 output only:             242
      Number using O5 and O6:                1,231
      Number used as ROM:                        0
    Number used as Memory:                     254 out of   6,408    3%
      Number used as Dual Port RAM:            136
        Number using O6 output only:             4
        Number using O5 output only:             4
        Number using O5 and O6:                128
      Number used as Single Port RAM:            0
      Number used as Shift Register:           118
        Number using O6 output only:            41
        Number using O5 output only:             1
        Number using O5 and O6:                 76
    Number used exclusively as route-thrus:    133
      Number with same-slice register load:    109
      Number with same-slice carry load:        24
      Number with other load:                    0

Slice Logic Distribution:
  Number of occupied Slices:                 2,463 out of   6,822   36%
  Nummber of MUXCYs used:                    1,208 out of  13,644    8%
  Number of LUT Flip Flop pairs used:        7,216
    Number with an unused Flip Flop:         2,559 out of   7,216   35%
    Number with an unused LUT:               1,365 out of   7,216   18%
    Number of fully used LUT-FF pairs:       3,292 out of   7,216   45%
    Number of slice register sites lost
      to control set restrictions:               0 out of  54,576    0%

  A LUT Flip Flop pair for this architecture represents one LUT paired with
  one Flip Flop within a slice.  A control set is a unique combination of
  clock, reset, set, and enable signals for a registered element.
  The Slice Logic Distribution report is not meaningful if the design is
  over-mapped for a non-slice resource or if Placement fails.

IO Utilization:
  Number of bonded IOBs:                        82 out of     218   37%
    Number of LOCed IOBs:                       82 out of      82  100%
    IOB Flip Flops:                             25

Specific Feature Utilization:
  Number of RAMB16BWERs:                        77 out of     116   66%
  Number of RAMB8BWERs:                          2 out of     232    1%
  Number of BUFIO2/BUFIO2_2CLKs:                 1 out of      32    3%
    Number used as BUFIO2s:                      1
    Number used as BUFIO2_2CLKs:                 0
  Number of BUFIO2FB/BUFIO2FB_2CLKs:             0 out of      32    0%
  Number of BUFG/BUFGMUXs:                       2 out of      16   12%
    Number used as BUFGs:                        2
    Number used as BUFGMUX:                      0
  Number of DCM/DCM_CLKGENs:                     0 out of       8    0%
  Number of ILOGIC2/ISERDES2s:                   7 out of     376    1%
    Number used as ILOGIC2s:                     7
    Number used as ISERDES2s:                    0
  Number of IODELAY2/IODRP2/IODRP2_MCBs:        24 out of     376    6%
    Number used as IODELAY2s:                    0
    Number used as IODRP2s:                      2
    Number used as IODRP2_MCBs:                 22
  Number of OLOGIC2/OSERDES2s:                  61 out of     376   16%
    Number used as OLOGIC2s:                    16
    Number used as OSERDES2s:                   45
  Number of BSCANs:                              1 out of       4   25%
  Number of BUFHs:                               0 out of     256    0%
  Number of BUFPLLs:                             0 out of       8    0%
  Number of BUFPLL_MCBs:                         1 out of       4   25%
  Number of DSP48A1s:                           10 out of      58   17%
  Number of ICAPs:                               0 out of       1    0%
  Number of MCBs:                                1 out of       2   50%
  Number of PCILOGICSEs:                         0 out of       2    0%
  Number of PLL_ADVs:                            1 out of       4   25%
  Number of PMVs:                                0 out of       1    0%
  Number of STARTUPs:                            0 out of       1    0%
  Number of SUSPEND_SYNCs:                       0 out of       1    0%


Overall effort level (-ol):   High 
Router effort level (-rl):    High 

INFO:Timing:3386 - Intersecting Constraints found and resolved.  For more information, see the TSI report.  Please consult the Xilinx
   Command Line Tools User Guide for information on generating a TSI report.
Starting initial Timing Analysis.  REAL time: 21 secs 
Finished initial Timing Analysis.  REAL time: 21 secs 

WARNING:Par:288 - The signal
   MCB_DDR2/MCB_DDR2/DUALXCL0_INST.dualxcl_0/dualxcl_read_0/xcl_read_data_a/REORDER.xcl_reorder_buffer/Mram_memory5_RAMD_D1_O has no load. 
   PAR will not attempt to route this signal.
WARNING:Par:288 - The signal
   microblaze_0/microblaze_0/MicroBlaze_Core_I/Performance.Data_Flow_I/Register_File_I/Using_LUT6.All_RAM32M[3].ram32m_i_RAMD_D1_O has no
   load.  PAR will not attempt to route this signal.
WARNING:Par:288 - The signal
   MCB_DDR2/MCB_DDR2/DUALXCL0_INST.dualxcl_0/dualxcl_read_0/xcl_read_data_a/REORDER.xcl_reorder_buffer/Mram_memory2_RAMD_D1_O has no load. 
   PAR will not attempt to route this signal.
WARNING:Par:288 - The signal
   MCB_DDR2/MCB_DDR2/DUALXCL0_INST.dualxcl_0/dualxcl_read_0/xcl_read_data_a/REORDER.xcl_reorder_buffer/Mram_memory4_RAMD_D1_O has no load. 
   PAR will not attempt to route this signal.
WARNING:Par:288 - The signal
   microblaze_0/microblaze_0/MicroBlaze_Core_I/Performance.Data_Flow_I/Register_File_I/Using_LUT6.All_RAM32M[0].ram32m_i_RAMD_D1_O has no
   load.  PAR will not attempt to route this signal.
WARNING:Par:288 - The signal
   MCB_DDR2/MCB_DDR2/DUALXCL0_INST.dualxcl_0/dualxcl_read_0/xcl_read_data_a/REORDER.xcl_reorder_buffer/Mram_memory3_RAMD_D1_O has no load. 
   PAR will not attempt to route this signal.
WARNING:Par:288 - The signal
   MCB_DDR2/MCB_DDR2/DUALXCL0_INST.dualxcl_0/dualxcl_read_0/XCL_B.xcl_read_data_b/REORDER.xcl_reorder_buffer/Mram_memory3_RAMD_D1_O has no
   load.  PAR will not attempt to route this signal.
WARNING:Par:288 - The signal
   MCB_DDR2/MCB_DDR2/DUALXCL0_INST.dualxcl_0/dualxcl_read_0/XCL_B.xcl_read_data_b/REORDER.xcl_reorder_buffer/Mram_memory2_RAMD_D1_O has no
   load.  PAR will not attempt to route this signal.
WARNING:Par:288 - The signal
   MCB_DDR2/MCB_DDR2/DUALXCL0_INST.dualxcl_0/dualxcl_read_0/XCL_B.xcl_read_data_b/REORDER.xcl_reorder_buffer/Mram_memory5_RAMD_D1_O has no
   load.  PAR will not attempt to route this signal.
WARNING:Par:288 - The signal
   MCB_DDR2/MCB_DDR2/DUALXCL0_INST.dualxcl_0/dualxcl_read_0/XCL_B.xcl_read_data_b/REORDER.xcl_reorder_buffer/Mram_memory4_RAMD_D1_O has no
   load.  PAR will not attempt to route this signal.
WARNING:Par:288 - The signal
   MCB_DDR2/MCB_DDR2/DUALXCL0_INST.dualxcl_0/dualxcl_read_0/xcl_read_data_a/REORDER.xcl_reorder_buffer/Mram_memory1_RAMD_D1_O has no load. 
   PAR will not attempt to route this signal.
WARNING:Par:288 - The signal
   microblaze_0/microblaze_0/MicroBlaze_Core_I/Performance.Data_Flow_I/Register_File_I/Using_LUT6.All_RAM32M[9].ram32m_i_RAMD_D1_O has no
   load.  PAR will not attempt to route this signal.
WARNING:Par:288 - The signal
   MCB_DDR2/MCB_DDR2/DUALXCL0_INST.dualxcl_0/dualxcl_read_0/XCL_B.xcl_read_data_b/REORDER.xcl_reorder_buffer/Mram_memory1_RAMD_D1_O has no
   load.  PAR will not attempt to route this signal.
WARNING:Par:288 - The signal
   microblaze_0/microblaze_0/MicroBlaze_Core_I/Performance.Data_Flow_I/Register_File_I/Using_LUT6.All_RAM32M[6].ram32m_i_RAMD_D1_O has no
   load.  PAR will not attempt to route this signal.
WARNING:Par:288 - The signal
   microblaze_0/microblaze_0/MicroBlaze_Core_I/Performance.Using_DCache.Using_WriteThrough.DCache_I1/Mram_cacheline_copy3_RAMD_D1_O has no
   load.  PAR will not attempt to route this signal.
WARNING:Par:288 - The signal
   microblaze_0/microblaze_0/MicroBlaze_Core_I/Performance.Data_Flow_I/Register_File_I/Using_LUT6.All_RAM32M[2].ram32m_i_RAMD_D1_O has no
   load.  PAR will not attempt to route this signal.
WARNING:Par:288 - The signal
   microblaze_0/microblaze_0/MicroBlaze_Core_I/Performance.Using_DCache.Using_WriteThrough.DCache_I1/Mram_cacheline_copy5_RAMD_D1_O has no
   load.  PAR will not attempt to route this signal.
WARNING:Par:288 - The signal
   microblaze_0/microblaze_0/MicroBlaze_Core_I/Performance.Using_DCache.Using_WriteThrough.DCache_I1/Mram_cacheline_copy4_RAMD_D1_O has no
   load.  PAR will not attempt to route this signal.
WARNING:Par:288 - The signal dlmb_LMB_ABus<30> has no load.  PAR will not attempt to route this signal.
WARNING:Par:288 - The signal dlmb_LMB_ABus<31> has no load.  PAR will not attempt to route this signal.
WARNING:Par:288 - The signal
   microblaze_0/microblaze_0/MicroBlaze_Core_I/Performance.Data_Flow_I/Register_File_I/Using_LUT6.All_RAM32M[13].ram32m_i_RAMD_D1_O has no
   load.  PAR will not attempt to route this signal.
WARNING:Par:288 - The signal
   microblaze_0/microblaze_0/MicroBlaze_Core_I/Performance.Data_Flow_I/Register_File_I/Using_LUT6.All_RAM32M[1].ram32m_i_RAMD_D1_O has no
   load.  PAR will not attempt to route this signal.
WARNING:Par:288 - The signal
   microblaze_0/microblaze_0/MicroBlaze_Core_I/Performance.Using_DCache.Using_WriteThrough.DCache_I1/Mram_cacheline_copy2_RAMD_D1_O has no
   load.  PAR will not attempt to route this signal.
WARNING:Par:288 - The signal
   microblaze_0/microblaze_0/MicroBlaze_Core_I/Performance.Data_Flow_I/Register_File_I/Using_LUT6.All_RAM32M[12].ram32m_i_RAMD_D1_O has no
   load.  PAR will not attempt to route this signal.
WARNING:Par:288 - The signal
   microblaze_0/microblaze_0/MicroBlaze_Core_I/Performance.Data_Flow_I/Register_File_I/Using_LUT6.All_RAM32M[15].ram32m_i_RAMD_D1_O has no
   load.  PAR will not attempt to route this signal.
WARNING:Par:288 - The signal
   microblaze_0/microblaze_0/MicroBlaze_Core_I/Performance.Data_Flow_I/Register_File_I/Using_LUT6.All_RAM32M[7].ram32m_i_RAMD_D1_O has no
   load.  PAR will not attempt to route this signal.
WARNING:Par:288 - The signal
   microblaze_0/microblaze_0/MicroBlaze_Core_I/Performance.Data_Flow_I/Register_File_I/Using_LUT6.All_RAM32M[10].ram32m_i_RAMD_D1_O has no
   load.  PAR will not attempt to route this signal.
WARNING:Par:288 - The signal
   microblaze_0/microblaze_0/MicroBlaze_Core_I/Performance.Data_Flow_I/Register_File_I/Using_LUT6.All_RAM32M[14].ram32m_i_RAMD_D1_O has no
   load.  PAR will not attempt to route this signal.
WARNING:Par:288 - The signal
   microblaze_0/microblaze_0/MicroBlaze_Core_I/Performance.Using_DCache.Using_WriteThrough.DCache_I1/Mram_cacheline_copy1_RAMD_D1_O has no
   load.  PAR will not attempt to route this signal.
WARNING:Par:288 - The signal
   microblaze_0/microblaze_0/MicroBlaze_Core_I/Performance.Data_Flow_I/Register_File_I/Using_LUT6.All_RAM32M[11].ram32m_i_RAMD_D1_O has no
   load.  PAR will not attempt to route this signal.
WARNING:Par:288 - The signal
   microblaze_0/microblaze_0/MicroBlaze_Core_I/Performance.Data_Flow_I/Register_File_I/Using_LUT6.All_RAM32M[8].ram32m_i_RAMD_D1_O has no
   load.  PAR will not attempt to route this signal.
WARNING:Par:288 - The signal
   microblaze_0/microblaze_0/MicroBlaze_Core_I/Performance.Data_Flow_I/Register_File_I/Using_LUT6.All_RAM32M[5].ram32m_i_RAMD_D1_O has no
   load.  PAR will not attempt to route this signal.
WARNING:Par:288 - The signal
   microblaze_0/microblaze_0/MicroBlaze_Core_I/Performance.Data_Flow_I/Register_File_I/Using_LUT6.All_RAM32M[4].ram32m_i_RAMD_D1_O has no
   load.  PAR will not attempt to route this signal.
Starting Router


Phase  1  : 42448 unrouted;      REAL time: 25 secs 

Phase  2  : 35250 unrouted;      REAL time: 28 secs 

Phase  3  : 15214 unrouted;      REAL time: 1 mins 2 secs 

Phase  4  : 15234 unrouted; (Setup:0, Hold:1, Component Switching Limit:0)     REAL time: 1 mins 11 secs 

Updating file: system.ncd with current fully routed design.

Phase  5  : 0 unrouted; (Setup:0, Hold:0, Component Switching Limit:0)     REAL time: 1 mins 53 secs 

Phase  6  : 0 unrouted; (Setup:0, Hold:0, Component Switching Limit:0)     REAL time: 1 mins 53 secs 

Phase  7  : 0 unrouted; (Setup:0, Hold:0, Component Switching Limit:0)     REAL time: 1 mins 53 secs 

Phase  8  : 0 unrouted; (Setup:0, Hold:0, Component Switching Limit:0)     REAL time: 1 mins 53 secs 

Phase  9  : 0 unrouted; (Setup:0, Hold:0, Component Switching Limit:0)     REAL time: 1 mins 53 secs 

Phase 10  : 0 unrouted; (Setup:0, Hold:0, Component Switching Limit:0)     REAL time: 1 mins 57 secs 
Total REAL time to Router completion: 1 mins 58 secs 
Total CPU time to Router completion: 1 mins 45 secs 

Partition Implementation Status
-------------------------------

  No Partitions were found in this design.

-------------------------------

Generating "PAR" statistics.

**************************
Generating Clock Report
**************************

+---------------------+--------------+------+------+------------+-------------+
|        Clock Net    |   Resource   |Locked|Fanout|Net Skew(ns)|Max Delay(ns)|
+---------------------+--------------+------+------+------------+-------------+
|  clk_66_6667MHzPLL0 | BUFGMUX_X3Y13| No   | 2166 |  0.666     |  2.374      |
+---------------------+--------------+------+------+------------+-------------+
|microblaze_0_mdm_bus |              |      |      |            |             |
|            _Dbg_Clk |  BUFGMUX_X2Y3| No   |   63 |  0.058     |  1.769      |
+---------------------+--------------+------+------+------------+-------------+
|MCB_DDR2/MPMC_Clk_Me |              |      |      |            |             |
|       m_2x_bufpll_o |         Local|      |   34 |  0.704     |  1.551      |
+---------------------+--------------+------+------+------------+-------------+
|MCB_DDR2/MPMC_Clk_Me |              |      |      |            |             |
|   m_2x_180_bufpll_o |         Local|      |   37 |  0.723     |  1.570      |
+---------------------+--------------+------+------+------------+-------------+
|microblaze_0_mdm_bus |              |      |      |            |             |
|         _Dbg_Update |         Local|      |   21 |  5.060     |  8.365      |
+---------------------+--------------+------+------+------------+-------------+
|MCB_DDR2/MCB_DDR2/mp |              |      |      |            |             |
|mc_core_0/gen_sparta |              |      |      |            |             |
|n6_mcb.s6_phy_top_if |              |      |      |            |             |
|/mpmc_mcb_raw_wrappe |              |      |      |            |             |
|r_0/idelay_dqs_ioi_s |              |      |      |            |             |
|                     |         Local|      |    1 |  0.000     |  0.002      |
+---------------------+--------------+------+------+------------+-------------+
|MCB_DDR2/MCB_DDR2/mp |              |      |      |            |             |
|mc_core_0/gen_sparta |              |      |      |            |             |
|n6_mcb.s6_phy_top_if |              |      |      |            |             |
|/mpmc_mcb_raw_wrappe |              |      |      |            |             |
|r_0/idelay_dqs_ioi_m |              |      |      |            |             |
|                     |         Local|      |    1 |  0.000     |  0.002      |
+---------------------+--------------+------+------+------------+-------------+
|MCB_DDR2/MCB_DDR2/mp |              |      |      |            |             |
|mc_core_0/gen_sparta |              |      |      |            |             |
|n6_mcb.s6_phy_top_if |              |      |      |            |             |
|/mpmc_mcb_raw_wrappe |              |      |      |            |             |
|     r_0/ioi_drp_clk |         Local|      |   22 |  0.000     |  0.002      |
+---------------------+--------------+------+------+------------+-------------+
|MCB_DDR2/MCB_DDR2/mp |              |      |      |            |             |
|mc_core_0/gen_sparta |              |      |      |            |             |
|n6_mcb.s6_phy_top_if |              |      |      |            |             |
|/mpmc_mcb_raw_wrappe |              |      |      |            |             |
|r_0/idelay_udqs_ioi_ |              |      |      |            |             |
|                   s |         Local|      |    1 |  0.000     |  0.002      |
+---------------------+--------------+------+------+------------+-------------+
|MCB_DDR2/MCB_DDR2/mp |              |      |      |            |             |
|mc_core_0/gen_sparta |              |      |      |            |             |
|n6_mcb.s6_phy_top_if |              |      |      |            |             |
|/mpmc_mcb_raw_wrappe |              |      |      |            |             |
|r_0/idelay_udqs_ioi_ |              |      |      |            |             |
|                   m |         Local|      |    1 |  0.000     |  0.002      |
+---------------------+--------------+------+------+------------+-------------+
|xps_timer_0_Interrup |              |      |      |            |             |
|                   t |         Local|      |    1 |  0.000     |  1.415      |
+---------------------+--------------+------+------+------------+-------------+

* Net Skew is the difference between the minimum and maximum routing
only delays for the net. Note this is different from Clock Skew which
is reported in TRCE timing report. Clock Skew is the difference between
the minimum and maximum path delays which includes logic delays.

* The fanout is the number of component pins not the individual BEL loads,
for example SLICE loads not FF loads.

Timing Score: 0 (Setup: 0, Hold: 0, Component Switching Limit: 0)

Number of Timing Constraints that were not applied: 3

Asterisk (*) preceding a constraint indicates it was not met.
   This may be due to a setup or hold violation.

----------------------------------------------------------------------------------------------------------
  Constraint                                |    Check    | Worst Case |  Best Case | Timing |   Timing   
                                            |             |    Slack   | Achievable | Errors |    Score   
----------------------------------------------------------------------------------------------------------
  TS_clk_600_0000MHz180PLL0_nobuf = PERIOD  | MINPERIOD   |     0.067ns|     1.599ns|       0|           0
  TIMEGRP         "clk_600_0000MHz180PLL0_n |             |            |            |        |            
  obuf" TS_sys_clk_pin * 6 PHASE 0.83333333 |             |            |            |        |            
  3 ns         HIGH 50%                     |             |            |            |        |            
----------------------------------------------------------------------------------------------------------
  TS_clk_600_0000MHzPLL0_nobuf = PERIOD TIM | MINPERIOD   |     0.067ns|     1.599ns|       0|           0
  EGRP "clk_600_0000MHzPLL0_nobuf"          |             |            |            |        |            
  TS_sys_clk_pin * 6 HIGH 50%               |             |            |            |        |            
----------------------------------------------------------------------------------------------------------
  TS_clock_generator_0_clock_generator_0_SI | SETUP       |     0.384ns|    14.615ns|       0|           0
  G_PLL0_CLKOUT2 = PERIOD TIMEGRP         " | HOLD        |     0.223ns|            |       0|           0
  clock_generator_0_clock_generator_0_SIG_P |             |            |            |        |            
  LL0_CLKOUT2" TS_sys_clk_pin         * 0.6 |             |            |            |        |            
  66666667 HIGH 50%                         |             |            |            |        |            
----------------------------------------------------------------------------------------------------------
  TS_sys_clk_pin = PERIOD TIMEGRP "sys_clk_ | MINLOWPULSE |     6.666ns|     3.334ns|       0|           0
  pin" 100 MHz HIGH 50%                     |             |            |            |        |            
----------------------------------------------------------------------------------------------------------
  PATH "TS_TIG_MCB_DDR2_S6_DONE_CAL_SYNCH_p | SETUP       |         N/A|     2.017ns|     N/A|           0
  ath" TIG                                  |             |            |            |        |            
----------------------------------------------------------------------------------------------------------
  PATH "TS_TIG_MCB_DDR2_S6_SYS_RST_SYNCH_pa | SETUP       |         N/A|     2.579ns|     N/A|           0
  th" TIG                                   |             |            |            |        |            
----------------------------------------------------------------------------------------------------------


Derived Constraint Report
Review Timing Report for more details on the following derived constraints.
To create a Timing Report, run "trce -v 12 -fastpaths -o design_timing_report design.ncd design.pcf"
or "Run Timing Analysis" from Timing Analyzer (timingan).
Derived Constraints for TS_sys_clk_pin
+-------------------------------+-------------+-------------+-------------+-------------+-------------+-------------+-------------+
|                               |   Period    |       Actual Period       |      Timing Errors        |      Paths Analyzed       |
|           Constraint          | Requirement |-------------+-------------|-------------+-------------|-------------+-------------|
|                               |             |   Direct    | Derivative  |   Direct    | Derivative  |   Direct    | Derivative  |
+-------------------------------+-------------+-------------+-------------+-------------+-------------+-------------+-------------+
|TS_sys_clk_pin                 |     10.000ns|      3.334ns|      9.743ns|            0|            0|            0|      1265115|
| TS_clk_600_0000MHz180PLL0_nobu|      1.667ns|      1.599ns|          N/A|            0|            0|            0|            0|
| f                             |             |             |             |             |             |             |             |
| TS_clk_600_0000MHzPLL0_nobuf  |      1.667ns|      1.599ns|          N/A|            0|            0|            0|            0|
| TS_clock_generator_0_clock_gen|     15.000ns|     14.615ns|          N/A|            0|            0|      1265115|            0|
| erator_0_SIG_PLL0_CLKOUT2     |             |             |             |             |             |             |             |
+-------------------------------+-------------+-------------+-------------+-------------+-------------+-------------+-------------+

All constraints were met.
INFO:Timing:2761 - N/A entries in the Constraints List may indicate that the 
   constraint is not analyzed due to the following: No paths covered by this 
   constraint; Other constraints intersect with this constraint; or This 
   constraint was disabled by a Path Tracing Control. Please run the Timespec 
   Interaction Report (TSI) via command line (trce tsi) or Timing Analyzer GUI.


Generating Pad Report.

All signals are completely routed.

WARNING:Par:283 - There are 33 loadless signals in this design. This design will cause Bitgen to issue DRC warnings.

Total REAL time to PAR completion: 2 mins 5 secs 
Total CPU time to PAR completion: 1 mins 51 secs 

Peak Memory Usage:  577 MB

Placer: Placement generated during map.
Routing: Completed - No errors found.
Timing: Completed - No errors found.

Number of error messages: 0
Number of warning messages: 35
Number of info messages: 1

Writing design to file system.ncd



PAR done!



#----------------------------------------------#
# Starting program post_par_trce
# trce -e 3 -xml system.twx system.ncd system.pcf 
#----------------------------------------------#
Release 13.3 - Trace  (nt64)
Copyright (c) 1995-2011 Xilinx, Inc.  All rights reserved.


PMSPEC -- Overriding Xilinx file
<C:/Xilinx/13.3/ISE_DS/EDK/spartan6/data/spartan6.acd> with local file
<C:/Xilinx/13.3/ISE_DS/ISE/spartan6/data/spartan6.acd>
Loading device for application Rf_Device from file '6slx45.nph' in environment
C:\Xilinx\13.3\ISE_DS\ISE\;C:\Xilinx\13.3\ISE_DS\EDK.
   "system" is an NCD, version 3.2, device xc6slx45, package csg324, speed -2
INFO:Timing:3386 - Intersecting Constraints found and resolved.  For more
   information, see the TSI report.  Please consult the Xilinx Command Line
   Tools User Guide for information on generating a TSI report.
--------------------------------------------------------------------------------
Release 13.3 Trace  (nt64)
Copyright (c) 1995-2011 Xilinx, Inc.  All rights reserved.

C:\Xilinx\13.3\ISE_DS\ISE\bin\nt64\unwrapped\trce.exe -e 3 -xml system.twx
system.ncd system.pcf


Design file:              system.ncd
Physical constraint file: system.pcf
Device,speed:             xc6slx45,-2 (PRODUCTION 1.20 2011-10-03)
Report level:             error report
--------------------------------------------------------------------------------

INFO:Timing:2752 - To get complete path coverage, use the unconstrained paths option. All paths that are not constrained will be reported in
   the unconstrained paths section(s) of the report.
INFO:Timing:3339 - The clock-to-out numbers in this timing report are based on a 50 Ohm transmission line loading model.  For the details of
   this model, and for more information on accounting for different loading conditions, please see the device datasheet.


Timing summary:
---------------

Timing errors: 0  Score: 0 (Setup/Max: 0, Hold: 0)

Constraints cover 1265117 paths, 0 nets, and 35889 connections

Design statistics:
   Minimum period:  14.615ns (Maximum frequency:  68.423MHz)


Analysis completed Fri Jun 08 12:34:35 2012
--------------------------------------------------------------------------------

Generating Report ...

Number of warnings: 0
Number of info messages: 3
Total time: 30 secs 


