Generated Block Diagram.
Rasterizing microblaze_0.jpg.....
Rasterizing mb_plb.jpg.....
Rasterizing ilmb.jpg.....
Rasterizing dlmb.jpg.....
Rasterizing dlmb_cntlr.jpg.....
Rasterizing ilmb_cntlr.jpg.....
Rasterizing lmb_bram.jpg.....
Rasterizing RS232_Uart_1.jpg.....
Rasterizing DIP_Switches_8Bits.jpg.....
Rasterizing LEDs_8Bits.jpg.....
Rasterizing Push_Buttons_5Bits.jpg.....
Rasterizing MCB_DDR2.jpg.....
Rasterizing PS2_Keyboard_Mouse.jpg.....
Rasterizing Digilent_QuadSPI_Cntlr.jpg.....
Rasterizing xps_timer_0.jpg.....
Rasterizing clock_generator_0.jpg.....
Rasterizing mdm_0.jpg.....
Rasterizing proc_sys_reset_0.jpg.....
Rasterizing xps_intc_0.jpg.....
Rasterizing system_blkd.jpg.....
Report generated.
Report generation completed.
