C:\PFC\Atlys_v010\implementation\system.ngc 1341671275
C:/PFC/Atlys_v010/implementation/dip_switches_8bits_wrapper.ngc 1341671048
C:/PFC/Atlys_v010/implementation/push_buttons_5bits_wrapper.ngc 1341671048
C:/PFC/Atlys_v010/implementation/rs232_uart_1_wrapper.ngc 1341671048
C:/PFC/Atlys_v010/implementation/clock_generator_0_wrapper.ngc 1341671232
C:/PFC/Atlys_v010/implementation/proc_sys_reset_0_wrapper.ngc 1341671048
C:/PFC/Atlys_v010/implementation/mcb_ddr2_wrapper.ngc 1341671048
C:/PFC/Atlys_v010/implementation/microblaze_0_wrapper.ngc 1341671226
C:/PFC/Atlys_v010/implementation/mb_plb_wrapper.ngc 1341671048
C:/PFC/Atlys_v010/implementation/ilmb_wrapper.ngc 1341671048
C:/PFC/Atlys_v010/implementation/dlmb_wrapper.ngc 1341671048
C:/PFC/Atlys_v010/implementation/dlmb_cntlr_wrapper.ngc 1341671048
C:/PFC/Atlys_v010/implementation/ilmb_cntlr_wrapper.ngc 1341671048
C:/PFC/Atlys_v010/implementation/leds_8bits_wrapper.ngc 1341671048
C:/PFC/Atlys_v010/implementation/ps2_keyboard_mouse_wrapper.ngc 1341671048
C:/PFC/Atlys_v010/implementation/digilent_quadspi_cntlr_wrapper.ngc 1341671048
C:/PFC/Atlys_v010/implementation/xps_timer_0_wrapper.ngc 1341671048
C:/PFC/Atlys_v010/implementation/mdm_0_wrapper.ngc 1341671048
C:/PFC/Atlys_v010/implementation/xps_intc_0_wrapper.ngc 1341671048
C:/PFC/Atlys_v010/implementation/lmb_bram_wrapper.ngc 1341671048
OK
