C:\PFC\Nexys3_v002\implementation\system.ngc 1332092531
C:/PFC/Nexys3_v002/implementation/dip_switches_8bits_wrapper.ngc 1332092334
C:/PFC/Nexys3_v002/implementation/push_buttons_4bits_wrapper.ngc 1332092334
C:/PFC/Nexys3_v002/implementation/rs232_uart_1_wrapper.ngc 1332092334
C:/PFC/Nexys3_v002/implementation/digilent_usb_epp_wrapper.ngc 1332092334
C:/PFC/Nexys3_v002/implementation/clock_generator_0_wrapper.ngc 1332092493
C:/PFC/Nexys3_v002/implementation/proc_sys_reset_0_wrapper.ngc 1332092334
C:/PFC/Nexys3_v002/implementation/microblaze_0_wrapper.ngc 1332092487
C:/PFC/Nexys3_v002/implementation/mb_plb_wrapper.ngc 1332092334
C:/PFC/Nexys3_v002/implementation/ilmb_wrapper.ngc 1332092334
C:/PFC/Nexys3_v002/implementation/dlmb_wrapper.ngc 1332092334
C:/PFC/Nexys3_v002/implementation/dlmb_cntlr_wrapper.ngc 1332092334
C:/PFC/Nexys3_v002/implementation/ilmb_cntlr_wrapper.ngc 1332092334
C:/PFC/Nexys3_v002/implementation/leds_8bits_wrapper.ngc 1332092334
C:/PFC/Nexys3_v002/implementation/ps2_mouse_keyboard_wrapper.ngc 1332092334
C:/PFC/Nexys3_v002/implementation/micron_ram_wrapper.ngc 1332092334
C:/PFC/Nexys3_v002/implementation/numonyx_pcm_wrapper.ngc 1332092334
C:/PFC/Nexys3_v002/implementation/digilent_quadspi_cntlr_wrapper.ngc 1332092334
C:/PFC/Nexys3_v002/implementation/digilent_sevseg_disp_wrapper.ngc 1332092334
C:/PFC/Nexys3_v002/implementation/xps_timer_0_wrapper.ngc 1332092334
C:/PFC/Nexys3_v002/implementation/mdm_0_wrapper.ngc 1332092334
C:/PFC/Nexys3_v002/implementation/xps_intc_0_wrapper.ngc 1332092334
C:/PFC/Nexys3_v002/implementation/lmb_bram_wrapper.ngc 1332092334
C:/PFC/Nexys3_v002/implementation/mem_bus_mux_0_wrapper.ngc 1332092334
OK
