Release 13.3 Xflow O.76xd (nt64)
Copyright (c) 1995-2011 Xilinx, Inc.  All rights reserved.
xflow.exe -wd implementation -p xc6slx16csg324-3 -implement xflow.opt system.ngc
 
PMSPEC -- Overriding Xilinx file
<C:/Xilinx/13.3/ISE_DS/EDK/spartan6/data/spartan6.acd> with local file
<C:/Xilinx/13.3/ISE_DS/ISE/spartan6/data/spartan6.acd>

Using Flow File: C:/PFC/Nexys3_v006/implementation/fpga.flw 
Using Option File(s): 
 C:/PFC/Nexys3_v006/implementation/xflow.opt 

Creating Script File ... 

#----------------------------------------------#
# Starting program ngdbuild
# ngdbuild -p xc6slx16csg324-3 -nt timestamp -bm system.bmm
"C:/PFC/Nexys3_v006/implementation/system.ngc" -uc system.ucf system.ngd 
#----------------------------------------------#
Release 13.3 - ngdbuild O.76xd (nt64)
Copyright (c) 1995-2011 Xilinx, Inc.  All rights reserved.
PMSPEC -- Overriding Xilinx file
<C:/Xilinx/13.3/ISE_DS/EDK/spartan6/data/spartan6.acd> with local file
<C:/Xilinx/13.3/ISE_DS/ISE/spartan6/data/spartan6.acd>

Command Line: C:\Xilinx\13.3\ISE_DS\ISE\bin\nt64\unwrapped\ngdbuild.exe -p
xc6slx16csg324-3 -nt timestamp -bm system.bmm
C:/PFC/Nexys3_v006/implementation/system.ngc -uc system.ucf system.ngd

Reading NGO file "C:/PFC/Nexys3_v006/implementation/system.ngc" ...
Loading design module
"C:/PFC/Nexys3_v006/implementation/dip_switches_8bits_wrapper.ngc"...
Loading design module
"C:/PFC/Nexys3_v006/implementation/push_buttons_4bits_wrapper.ngc"...
Loading design module
"C:/PFC/Nexys3_v006/implementation/rs232_uart_1_wrapper.ngc"...
Loading design module
"C:/PFC/Nexys3_v006/implementation/digilent_usb_epp_wrapper.ngc"...
Loading design module
"C:/PFC/Nexys3_v006/implementation/clock_generator_0_wrapper.ngc"...
Loading design module
"C:/PFC/Nexys3_v006/implementation/proc_sys_reset_0_wrapper.ngc"...
Loading design module
"C:/PFC/Nexys3_v006/implementation/microblaze_0_wrapper.ngc"...
Loading design module "C:/PFC/Nexys3_v006/implementation/mb_plb_wrapper.ngc"...
Loading design module "C:/PFC/Nexys3_v006/implementation/ilmb_wrapper.ngc"...
Loading design module "C:/PFC/Nexys3_v006/implementation/dlmb_wrapper.ngc"...
Loading design module
"C:/PFC/Nexys3_v006/implementation/dlmb_cntlr_wrapper.ngc"...
Loading design module
"C:/PFC/Nexys3_v006/implementation/ilmb_cntlr_wrapper.ngc"...
Loading design module
"C:/PFC/Nexys3_v006/implementation/leds_8bits_wrapper.ngc"...
Loading design module
"C:/PFC/Nexys3_v006/implementation/ps2_mouse_keyboard_wrapper.ngc"...
Loading design module
"C:/PFC/Nexys3_v006/implementation/micron_ram_wrapper.ngc"...
Loading design module
"C:/PFC/Nexys3_v006/implementation/numonyx_pcm_wrapper.ngc"...
Loading design module
"C:/PFC/Nexys3_v006/implementation/digilent_quadspi_cntlr_wrapper.ngc"...
Loading design module
"C:/PFC/Nexys3_v006/implementation/digilent_sevseg_disp_wrapper.ngc"...
Loading design module
"C:/PFC/Nexys3_v006/implementation/xps_timer_0_wrapper.ngc"...
Loading design module "C:/PFC/Nexys3_v006/implementation/mdm_0_wrapper.ngc"...
Loading design module
"C:/PFC/Nexys3_v006/implementation/xps_intc_0_wrapper.ngc"...
Loading design module
"C:/PFC/Nexys3_v006/implementation/lmb_bram_wrapper.ngc"...
Loading design module
"C:/PFC/Nexys3_v006/implementation/mem_bus_mux_0_wrapper.ngc"...
Gathering constraint information from source properties...
Done.

Annotating constraints to design from ucf file "system.ucf" ...
Resolving constraint associations...
Checking Constraint Associations...
INFO:ConstraintSystem:178 - TNM 'sys_clk_pin', used in period specification
   'TS_sys_clk_pin', was traced into PLL_ADV instance
   clock_generator_0/PLL0_INST/Using_PLL_ADV.PLL_ADV_inst. The following new TNM
   groups and period specifications were generated at the PLL_ADV output(s): 
   CLKOUT0: <TIMESPEC TS_clock_generator_0_clock_generator_0_SIG_PLL0_CLKOUT0 =
   PERIOD "clock_generator_0_clock_generator_0_SIG_PLL0_CLKOUT0" TS_sys_clk_pin
   * 0.666666667 HIGH 50%>

Done...

Processing BMM file "system.bmm" ...

Checking expanded design ...
WARNING:NgdBuild:443 - SFF primitive
   'microblaze_0/microblaze_0/MicroBlaze_Core_I/Performance.Decode_I/Using_FPGA.
   Gen_Bits[27].MEM_EX_Result_Inst' has unconnected output pin
WARNING:NgdBuild:443 - SFF primitive
   'Micron_RAM/Micron_RAM/MCH_PLB_IPIF_I/NO_CHNL_IF_GEN.PLBV46_SLAVE_BURST_I/I_S
   LAVE_ATTACHMENT/I_DECODER/GEN_CE_FOR_SHARED.GEN_BKEND_CE_REGISTERS[0].I_BKEND
   _WRCE_REG' has unconnected output pin
WARNING:NgdBuild:443 - SFF primitive
   'Micron_RAM/Micron_RAM/MCH_PLB_IPIF_I/NO_CHNL_IF_GEN.PLBV46_SLAVE_BURST_I/I_S
   LAVE_ATTACHMENT/I_DECODER/GEN_CE_FOR_SHARED.GEN_BKEND_CE_REGISTERS[0].I_BKEND
   _RDCE_REG' has unconnected output pin
WARNING:NgdBuild:443 - SFF primitive
   'Micron_RAM/Micron_RAM/MCH_PLB_IPIF_I/NO_CHNL_IF_GEN.PLBV46_SLAVE_BURST_I/I_S
   LAVE_ATTACHMENT/I_BUS_ADDRESS_COUNTER/GEN_FOR_SHARED.GEN_S_H_SIZE_REG[0].I_SI
   ZE_S_H_REG' has unconnected output pin
WARNING:NgdBuild:443 - SFF primitive
   'Micron_RAM/Micron_RAM/MCH_PLB_IPIF_I/NO_CHNL_IF_GEN.PLBV46_SLAVE_BURST_I/I_S
   LAVE_ATTACHMENT/I_STEER_ADDRESS_COUNTER/GEN_FOR_SHARED.GEN_S_H_SIZE_REG[0].I_
   SIZE_S_H_REG' has unconnected output pin
WARNING:NgdBuild:443 - SFF primitive
   'Micron_RAM/Micron_RAM/MCH_PLB_IPIF_I/NO_CHNL_IF_GEN.PLBV46_SLAVE_BURST_I/I_S
   LAVE_ATTACHMENT/I_BURST_SUPPORT/RESPONSE_DBEAT_CNTR_I/STRUCTURAL_A_GEN.I_ADDS
   UB_GEN[5].FDRE_I' has unconnected output pin
WARNING:NgdBuild:443 - SFF primitive
   'Micron_RAM/Micron_RAM/MCH_PLB_IPIF_I/NO_CHNL_IF_GEN.PLBV46_SLAVE_BURST_I/I_S
   LAVE_ATTACHMENT/I_BURST_SUPPORT/CONTROL_DBEAT_CNTR_I/STRUCTURAL_A_GEN.I_ADDSU
   B_GEN[5].FDRE_I' has unconnected output pin
WARNING:NgdBuild:443 - SFF primitive
   'Micron_RAM/Micron_RAM/EMC_CTRL_I/ADDR_COUNTER_MUX_I/ADDRESS_STORE_GEN[31].AD
   DRESS_REG' has unconnected output pin
WARNING:NgdBuild:443 - SFF primitive
   'Micron_RAM/Micron_RAM/EMC_CTRL_I/ADDR_COUNTER_MUX_I/ADDRESS_STORE_GEN[30].AD
   DRESS_REG' has unconnected output pin
WARNING:NgdBuild:443 - SFF primitive
   'Micron_RAM/Micron_RAM/EMC_CTRL_I/MEM_STEER_I/RDDATA_PATH_MUX_GEN.ASYNC_ADDR_
   CNT_GEN.RDDATA_EN_GEN_ASYNC[3].RDDATA_EN_REG_ASYNC' has unconnected output
   pin
WARNING:NgdBuild:443 - SFF primitive
   'Micron_RAM/Micron_RAM/EMC_CTRL_I/MEM_STEER_I/ASYNC_MEM_RDACK_GEN.AALIGN_PIPE
   _GEN[1].AALIGN_PIPE' has unconnected output pin
WARNING:NgdBuild:443 - SFF primitive
   'Micron_RAM/Micron_RAM/EMC_CTRL_I/MEM_STATE_MACHINE_I/READ_COMPLETE_PIPE_GEN[
   6].READ_COMPLETE_PIPE' has unconnected output pin
WARNING:NgdBuild:443 - SFF primitive
   'Numonyx_PCM/Numonyx_PCM/MCH_PLB_IPIF_I/NO_CHNL_IF_GEN.PLBV46_SLAVE_BURST_I/I
   _SLAVE_ATTACHMENT/I_DECODER/GEN_CE_FOR_SHARED.GEN_BKEND_CE_REGISTERS[0].I_BKE
   ND_WRCE_REG' has unconnected output pin
WARNING:NgdBuild:443 - SFF primitive
   'Numonyx_PCM/Numonyx_PCM/MCH_PLB_IPIF_I/NO_CHNL_IF_GEN.PLBV46_SLAVE_BURST_I/I
   _SLAVE_ATTACHMENT/I_DECODER/GEN_CE_FOR_SHARED.GEN_BKEND_CE_REGISTERS[0].I_BKE
   ND_RDCE_REG' has unconnected output pin
WARNING:NgdBuild:443 - SFF primitive
   'Numonyx_PCM/Numonyx_PCM/MCH_PLB_IPIF_I/NO_CHNL_IF_GEN.PLBV46_SLAVE_BURST_I/I
   _SLAVE_ATTACHMENT/I_BUS_ADDRESS_COUNTER/GEN_FOR_SHARED.GEN_S_H_SIZE_REG[0].I_
   SIZE_S_H_REG' has unconnected output pin
WARNING:NgdBuild:443 - SFF primitive
   'Numonyx_PCM/Numonyx_PCM/MCH_PLB_IPIF_I/NO_CHNL_IF_GEN.PLBV46_SLAVE_BURST_I/I
   _SLAVE_ATTACHMENT/I_STEER_ADDRESS_COUNTER/GEN_FOR_SHARED.GEN_S_H_SIZE_REG[0].
   I_SIZE_S_H_REG' has unconnected output pin
WARNING:NgdBuild:443 - SFF primitive
   'Numonyx_PCM/Numonyx_PCM/MCH_PLB_IPIF_I/NO_CHNL_IF_GEN.PLBV46_SLAVE_BURST_I/I
   _SLAVE_ATTACHMENT/I_BURST_SUPPORT/RESPONSE_DBEAT_CNTR_I/STRUCTURAL_A_GEN.I_AD
   DSUB_GEN[5].FDRE_I' has unconnected output pin
WARNING:NgdBuild:443 - SFF primitive
   'Numonyx_PCM/Numonyx_PCM/MCH_PLB_IPIF_I/NO_CHNL_IF_GEN.PLBV46_SLAVE_BURST_I/I
   _SLAVE_ATTACHMENT/I_BURST_SUPPORT/CONTROL_DBEAT_CNTR_I/STRUCTURAL_A_GEN.I_ADD
   SUB_GEN[5].FDRE_I' has unconnected output pin
WARNING:NgdBuild:443 - SFF primitive
   'Numonyx_PCM/Numonyx_PCM/EMC_CTRL_I/ADDR_COUNTER_MUX_I/ADDRESS_STORE_GEN[31].
   ADDRESS_REG' has unconnected output pin
WARNING:NgdBuild:443 - SFF primitive
   'Numonyx_PCM/Numonyx_PCM/EMC_CTRL_I/ADDR_COUNTER_MUX_I/ADDRESS_STORE_GEN[30].
   ADDRESS_REG' has unconnected output pin
WARNING:NgdBuild:443 - SFF primitive
   'Numonyx_PCM/Numonyx_PCM/EMC_CTRL_I/MEM_STEER_I/RDDATA_PATH_MUX_GEN.ASYNC_ADD
   R_CNT_GEN.RDDATA_EN_GEN_ASYNC[3].RDDATA_EN_REG_ASYNC' has unconnected output
   pin
WARNING:NgdBuild:443 - SFF primitive
   'Numonyx_PCM/Numonyx_PCM/EMC_CTRL_I/MEM_STEER_I/ASYNC_MEM_RDACK_GEN.AALIGN_PI
   PE_GEN[1].AALIGN_PIPE' has unconnected output pin
WARNING:NgdBuild:443 - SFF primitive
   'Numonyx_PCM/Numonyx_PCM/EMC_CTRL_I/MEM_STATE_MACHINE_I/READ_COMPLETE_PIPE_GE
   N[6].READ_COMPLETE_PIPE' has unconnected output pin
WARNING:NgdBuild:443 - SFF primitive
   'xps_timer_0/xps_timer_0/TC_CORE_I/TIMER_CONTROL_I/TCSR1_GENERATE[20].TCSR1_F
   F_I' has unconnected output pin
WARNING:NgdBuild:443 - SFF primitive
   'xps_timer_0/xps_timer_0/TC_CORE_I/TIMER_CONTROL_I/TCSR1_GENERATE[19].TCSR1_F
   F_I' has unconnected output pin
WARNING:NgdBuild:443 - SFF primitive
   'xps_timer_0/xps_timer_0/TC_CORE_I/TIMER_CONTROL_I/TCSR1_GENERATE[18].TCSR1_F
   F_I' has unconnected output pin
WARNING:NgdBuild:443 - SFF primitive
   'xps_timer_0/xps_timer_0/TC_CORE_I/TIMER_CONTROL_I/TCSR1_GENERATE[17].TCSR1_F
   F_I' has unconnected output pin
WARNING:NgdBuild:443 - SFF primitive
   'xps_timer_0/xps_timer_0/TC_CORE_I/TIMER_CONTROL_I/TCSR1_GENERATE[16].TCSR1_F
   F_I' has unconnected output pin
WARNING:NgdBuild:443 - SFF primitive
   'xps_timer_0/xps_timer_0/TC_CORE_I/TIMER_CONTROL_I/TCSR1_GENERATE[15].TCSR1_F
   F_I' has unconnected output pin
WARNING:NgdBuild:443 - SFF primitive
   'xps_timer_0/xps_timer_0/TC_CORE_I/TIMER_CONTROL_I/TCSR1_GENERATE[14].TCSR1_F
   F_I' has unconnected output pin
WARNING:NgdBuild:443 - SFF primitive
   'xps_timer_0/xps_timer_0/TC_CORE_I/TIMER_CONTROL_I/TCSR1_GENERATE[13].TCSR1_F
   F_I' has unconnected output pin
WARNING:NgdBuild:443 - SFF primitive
   'xps_timer_0/xps_timer_0/TC_CORE_I/TIMER_CONTROL_I/TCSR1_GENERATE[12].TCSR1_F
   F_I' has unconnected output pin
WARNING:NgdBuild:443 - SFF primitive
   'xps_timer_0/xps_timer_0/TC_CORE_I/TIMER_CONTROL_I/TCSR1_GENERATE[11].TCSR1_F
   F_I' has unconnected output pin
WARNING:NgdBuild:443 - SFF primitive
   'xps_timer_0/xps_timer_0/TC_CORE_I/TIMER_CONTROL_I/TCSR1_GENERATE[10].TCSR1_F
   F_I' has unconnected output pin
WARNING:NgdBuild:443 - SFF primitive
   'xps_timer_0/xps_timer_0/TC_CORE_I/TIMER_CONTROL_I/TCSR1_GENERATE[9].TCSR1_FF
   _I' has unconnected output pin
WARNING:NgdBuild:443 - SFF primitive
   'xps_timer_0/xps_timer_0/TC_CORE_I/TIMER_CONTROL_I/TCSR1_GENERATE[8].TCSR1_FF
   _I' has unconnected output pin
WARNING:NgdBuild:443 - SFF primitive
   'xps_timer_0/xps_timer_0/TC_CORE_I/TIMER_CONTROL_I/TCSR1_GENERATE[7].TCSR1_FF
   _I' has unconnected output pin
WARNING:NgdBuild:443 - SFF primitive
   'xps_timer_0/xps_timer_0/TC_CORE_I/TIMER_CONTROL_I/TCSR1_GENERATE[6].TCSR1_FF
   _I' has unconnected output pin
WARNING:NgdBuild:443 - SFF primitive
   'xps_timer_0/xps_timer_0/TC_CORE_I/TIMER_CONTROL_I/TCSR1_GENERATE[5].TCSR1_FF
   _I' has unconnected output pin
WARNING:NgdBuild:443 - SFF primitive
   'xps_timer_0/xps_timer_0/TC_CORE_I/TIMER_CONTROL_I/TCSR1_GENERATE[4].TCSR1_FF
   _I' has unconnected output pin
WARNING:NgdBuild:443 - SFF primitive
   'xps_timer_0/xps_timer_0/TC_CORE_I/TIMER_CONTROL_I/TCSR1_GENERATE[3].TCSR1_FF
   _I' has unconnected output pin
WARNING:NgdBuild:443 - SFF primitive
   'xps_timer_0/xps_timer_0/TC_CORE_I/TIMER_CONTROL_I/TCSR1_GENERATE[2].TCSR1_FF
   _I' has unconnected output pin
WARNING:NgdBuild:443 - SFF primitive
   'xps_timer_0/xps_timer_0/TC_CORE_I/TIMER_CONTROL_I/TCSR1_GENERATE[1].TCSR1_FF
   _I' has unconnected output pin
WARNING:NgdBuild:443 - SFF primitive
   'xps_timer_0/xps_timer_0/TC_CORE_I/TIMER_CONTROL_I/TCSR1_GENERATE[0].TCSR1_FF
   _I' has unconnected output pin
WARNING:NgdBuild:443 - SFF primitive
   'xps_timer_0/xps_timer_0/TC_CORE_I/TIMER_CONTROL_I/TCSR0_GENERATE[20].TCSR0_F
   F_I' has unconnected output pin
WARNING:NgdBuild:443 - SFF primitive
   'xps_timer_0/xps_timer_0/TC_CORE_I/TIMER_CONTROL_I/TCSR0_GENERATE[19].TCSR0_F
   F_I' has unconnected output pin
WARNING:NgdBuild:443 - SFF primitive
   'xps_timer_0/xps_timer_0/TC_CORE_I/TIMER_CONTROL_I/TCSR0_GENERATE[18].TCSR0_F
   F_I' has unconnected output pin
WARNING:NgdBuild:443 - SFF primitive
   'xps_timer_0/xps_timer_0/TC_CORE_I/TIMER_CONTROL_I/TCSR0_GENERATE[17].TCSR0_F
   F_I' has unconnected output pin
WARNING:NgdBuild:443 - SFF primitive
   'xps_timer_0/xps_timer_0/TC_CORE_I/TIMER_CONTROL_I/TCSR0_GENERATE[16].TCSR0_F
   F_I' has unconnected output pin
WARNING:NgdBuild:443 - SFF primitive
   'xps_timer_0/xps_timer_0/TC_CORE_I/TIMER_CONTROL_I/TCSR0_GENERATE[15].TCSR0_F
   F_I' has unconnected output pin
WARNING:NgdBuild:443 - SFF primitive
   'xps_timer_0/xps_timer_0/TC_CORE_I/TIMER_CONTROL_I/TCSR0_GENERATE[14].TCSR0_F
   F_I' has unconnected output pin
WARNING:NgdBuild:443 - SFF primitive
   'xps_timer_0/xps_timer_0/TC_CORE_I/TIMER_CONTROL_I/TCSR0_GENERATE[13].TCSR0_F
   F_I' has unconnected output pin
WARNING:NgdBuild:443 - SFF primitive
   'xps_timer_0/xps_timer_0/TC_CORE_I/TIMER_CONTROL_I/TCSR0_GENERATE[12].TCSR0_F
   F_I' has unconnected output pin
WARNING:NgdBuild:443 - SFF primitive
   'xps_timer_0/xps_timer_0/TC_CORE_I/TIMER_CONTROL_I/TCSR0_GENERATE[11].TCSR0_F
   F_I' has unconnected output pin
WARNING:NgdBuild:443 - SFF primitive
   'xps_timer_0/xps_timer_0/TC_CORE_I/TIMER_CONTROL_I/TCSR0_GENERATE[10].TCSR0_F
   F_I' has unconnected output pin
WARNING:NgdBuild:443 - SFF primitive
   'xps_timer_0/xps_timer_0/TC_CORE_I/TIMER_CONTROL_I/TCSR0_GENERATE[9].TCSR0_FF
   _I' has unconnected output pin
WARNING:NgdBuild:443 - SFF primitive
   'xps_timer_0/xps_timer_0/TC_CORE_I/TIMER_CONTROL_I/TCSR0_GENERATE[8].TCSR0_FF
   _I' has unconnected output pin
WARNING:NgdBuild:443 - SFF primitive
   'xps_timer_0/xps_timer_0/TC_CORE_I/TIMER_CONTROL_I/TCSR0_GENERATE[7].TCSR0_FF
   _I' has unconnected output pin
WARNING:NgdBuild:443 - SFF primitive
   'xps_timer_0/xps_timer_0/TC_CORE_I/TIMER_CONTROL_I/TCSR0_GENERATE[6].TCSR0_FF
   _I' has unconnected output pin
WARNING:NgdBuild:443 - SFF primitive
   'xps_timer_0/xps_timer_0/TC_CORE_I/TIMER_CONTROL_I/TCSR0_GENERATE[5].TCSR0_FF
   _I' has unconnected output pin
WARNING:NgdBuild:443 - SFF primitive
   'xps_timer_0/xps_timer_0/TC_CORE_I/TIMER_CONTROL_I/TCSR0_GENERATE[4].TCSR0_FF
   _I' has unconnected output pin
WARNING:NgdBuild:443 - SFF primitive
   'xps_timer_0/xps_timer_0/TC_CORE_I/TIMER_CONTROL_I/TCSR0_GENERATE[3].TCSR0_FF
   _I' has unconnected output pin
WARNING:NgdBuild:443 - SFF primitive
   'xps_timer_0/xps_timer_0/TC_CORE_I/TIMER_CONTROL_I/TCSR0_GENERATE[2].TCSR0_FF
   _I' has unconnected output pin
WARNING:NgdBuild:443 - SFF primitive
   'xps_timer_0/xps_timer_0/TC_CORE_I/TIMER_CONTROL_I/TCSR0_GENERATE[1].TCSR0_FF
   _I' has unconnected output pin
WARNING:NgdBuild:443 - SFF primitive
   'xps_timer_0/xps_timer_0/TC_CORE_I/TIMER_CONTROL_I/TCSR0_GENERATE[0].TCSR0_FF
   _I' has unconnected output pin
WARNING:NgdBuild:478 - clock net mdm_0/bscan_drck1 with clock driver
   mdm_0/mdm_0/BUFG_DRCK1 drives no clock pins

Partition Implementation Status
-------------------------------

  No Partitions were found in this design.

-------------------------------

NGDBUILD Design Results Summary:
  Number of errors:     0
  Number of warnings:  66

Writing NGD file "system.ngd" ...
Total REAL time to NGDBUILD completion:  38 sec
Total CPU time to NGDBUILD completion:   35 sec

Writing NGDBUILD log file "system.bld"...

NGDBUILD done.



#----------------------------------------------#
# Starting program map
# map -o system_map.ncd -w -pr b -ol high -timing -detail system.ngd system.pcf 
#----------------------------------------------#
Release 13.3 - Map O.76xd (nt64)
Copyright (c) 1995-2011 Xilinx, Inc.  All rights reserved.
PMSPEC -- Overriding Xilinx file
<C:/Xilinx/13.3/ISE_DS/EDK/data/Xdh_PrimTypeLib.xda> with local file
<C:/Xilinx/13.3/ISE_DS/ISE/data/Xdh_PrimTypeLib.xda>
Using target part "6slx16csg324-3".
vvvvvvvvvvvvvvvvvvvvvvvvvvvvvvvvvvvvvvvvvvvvvvvvvvvvvvvvvvvvvvvvvvvvvv
INFO:Security:54 - 'xc6slx16' is a WebPack part.
INFO:Security:66 - Your license for 'ISE' is for evaluation use only.
WARNING:Security:42 - Your license support version '2012.03' for ISE expires in
9 days after which you will not qualify for Xilinx software updates or new
releases.
----------------------------------------------------------------------
Mapping design into LUTs...
Writing file system_map.ngm...
Running directed packing...
WARNING:Pack:2780 - The register
   "Numonyx_PCM/Numonyx_PCM/EMC_CTRL_I/IO_REGISTERS_I/mem_dq_o_reg_0" has the
   property IOB=TRUE, but it did not join an IO component because it is not
   connected to any IO element.
WARNING:Pack:2780 - The register
   "Micron_RAM/Micron_RAM/EMC_CTRL_I/IO_REGISTERS_I/mem_dq_o_reg_0" has the
   property IOB=TRUE, but it did not join an IO component because it is not
   connected to any IO element.
WARNING:Pack:2780 - The register
   "Numonyx_PCM/Numonyx_PCM/EMC_CTRL_I/IO_REGISTERS_I/mem_dq_o_reg_1" has the
   property IOB=TRUE, but it did not join an IO component because it is not
   connected to any IO element.
WARNING:Pack:2780 - The register
   "Micron_RAM/Micron_RAM/EMC_CTRL_I/IO_REGISTERS_I/mem_dq_o_reg_1" has the
   property IOB=TRUE, but it did not join an IO component because it is not
   connected to any IO element.
WARNING:Pack:2780 - The register
   "Numonyx_PCM/Numonyx_PCM/EMC_CTRL_I/IO_REGISTERS_I/mem_dq_o_reg_2" has the
   property IOB=TRUE, but it did not join an IO component because it is not
   connected to any IO element.
WARNING:Pack:2780 - The register
   "Micron_RAM/Micron_RAM/EMC_CTRL_I/IO_REGISTERS_I/mem_dq_o_reg_2" has the
   property IOB=TRUE, but it did not join an IO component because it is not
   connected to any IO element.
WARNING:Pack:2780 - The register
   "Numonyx_PCM/Numonyx_PCM/EMC_CTRL_I/IO_REGISTERS_I/mem_dq_o_reg_3" has the
   property IOB=TRUE, but it did not join an IO component because it is not
   connected to any IO element.
WARNING:Pack:2780 - The register
   "Micron_RAM/Micron_RAM/EMC_CTRL_I/IO_REGISTERS_I/mem_dq_o_reg_3" has the
   property IOB=TRUE, but it did not join an IO component because it is not
   connected to any IO element.
WARNING:Pack:2780 - The register
   "Numonyx_PCM/Numonyx_PCM/EMC_CTRL_I/IO_REGISTERS_I/mem_dq_o_reg_4" has the
   property IOB=TRUE, but it did not join an IO component because it is not
   connected to any IO element.
WARNING:Pack:2780 - The register
   "Micron_RAM/Micron_RAM/EMC_CTRL_I/IO_REGISTERS_I/mem_dq_o_reg_4" has the
   property IOB=TRUE, but it did not join an IO component because it is not
   connected to any IO element.
WARNING:Pack:2780 - The register
   "Numonyx_PCM/Numonyx_PCM/EMC_CTRL_I/IO_REGISTERS_I/mem_dq_o_reg_5" has the
   property IOB=TRUE, but it did not join an IO component because it is not
   connected to any IO element.
WARNING:Pack:2780 - The register
   "Micron_RAM/Micron_RAM/EMC_CTRL_I/IO_REGISTERS_I/mem_dq_o_reg_5" has the
   property IOB=TRUE, but it did not join an IO component because it is not
   connected to any IO element.
WARNING:Pack:2780 - The register
   "Numonyx_PCM/Numonyx_PCM/EMC_CTRL_I/IO_REGISTERS_I/mem_dq_o_reg_6" has the
   property IOB=TRUE, but it did not join an IO component because it is not
   connected to any IO element.
WARNING:Pack:2780 - The register
   "Micron_RAM/Micron_RAM/EMC_CTRL_I/IO_REGISTERS_I/mem_dq_o_reg_6" has the
   property IOB=TRUE, but it did not join an IO component because it is not
   connected to any IO element.
WARNING:Pack:2780 - The register
   "Numonyx_PCM/Numonyx_PCM/EMC_CTRL_I/IO_REGISTERS_I/mem_dq_o_reg_7" has the
   property IOB=TRUE, but it did not join an IO component because it is not
   connected to any IO element.
WARNING:Pack:2780 - The register
   "Micron_RAM/Micron_RAM/EMC_CTRL_I/IO_REGISTERS_I/mem_dq_o_reg_7" has the
   property IOB=TRUE, but it did not join an IO component because it is not
   connected to any IO element.
WARNING:Pack:2780 - The register
   "Numonyx_PCM/Numonyx_PCM/EMC_CTRL_I/IO_REGISTERS_I/mem_dq_o_reg_8" has the
   property IOB=TRUE, but it did not join an IO component because it is not
   connected to any IO element.
WARNING:Pack:2780 - The register
   "Micron_RAM/Micron_RAM/EMC_CTRL_I/IO_REGISTERS_I/mem_dq_o_reg_8" has the
   property IOB=TRUE, but it did not join an IO component because it is not
   connected to any IO element.
WARNING:Pack:2780 - The register
   "Numonyx_PCM/Numonyx_PCM/EMC_CTRL_I/IO_REGISTERS_I/mem_dq_o_reg_9" has the
   property IOB=TRUE, but it did not join an IO component because it is not
   connected to any IO element.
WARNING:Pack:2780 - The register
   "Micron_RAM/Micron_RAM/EMC_CTRL_I/IO_REGISTERS_I/mem_dq_o_reg_9" has the
   property IOB=TRUE, but it did not join an IO component because it is not
   connected to any IO element.
WARNING:Pack:2780 - The register
   "Numonyx_PCM/Numonyx_PCM/EMC_CTRL_I/IO_REGISTERS_I/mem_dq_t_reg_0" has the
   property IOB=TRUE, but it did not join an IO component because it is not
   connected to any IO element.
WARNING:Pack:2780 - The register
   "Micron_RAM/Micron_RAM/EMC_CTRL_I/IO_REGISTERS_I/mem_dq_t_reg_0" has the
   property IOB=TRUE, but it did not join an IO component because it is not
   connected to any IO element.
WARNING:Pack:2780 - The register
   "Numonyx_PCM/Numonyx_PCM/EMC_CTRL_I/IO_REGISTERS_I/mem_dq_t_reg_1" has the
   property IOB=TRUE, but it did not join an IO component because it is not
   connected to any IO element.
WARNING:Pack:2780 - The register
   "Micron_RAM/Micron_RAM/EMC_CTRL_I/IO_REGISTERS_I/mem_dq_t_reg_1" has the
   property IOB=TRUE, but it did not join an IO component because it is not
   connected to any IO element.
WARNING:Pack:2780 - The register
   "Numonyx_PCM/Numonyx_PCM/EMC_CTRL_I/IO_REGISTERS_I/mem_dq_t_reg_2" has the
   property IOB=TRUE, but it did not join an IO component because it is not
   connected to any IO element.
WARNING:Pack:2780 - The register
   "Micron_RAM/Micron_RAM/EMC_CTRL_I/IO_REGISTERS_I/mem_dq_t_reg_2" has the
   property IOB=TRUE, but it did not join an IO component because it is not
   connected to any IO element.
WARNING:Pack:2780 - The register
   "Numonyx_PCM/Numonyx_PCM/EMC_CTRL_I/IO_REGISTERS_I/mem_dq_t_reg_3" has the
   property IOB=TRUE, but it did not join an IO component because it is not
   connected to any IO element.
WARNING:Pack:2780 - The register
   "Micron_RAM/Micron_RAM/EMC_CTRL_I/IO_REGISTERS_I/mem_dq_t_reg_3" has the
   property IOB=TRUE, but it did not join an IO component because it is not
   connected to any IO element.
WARNING:Pack:2780 - The register
   "Numonyx_PCM/Numonyx_PCM/EMC_CTRL_I/IO_REGISTERS_I/mem_dq_t_reg_4" has the
   property IOB=TRUE, but it did not join an IO component because it is not
   connected to any IO element.
WARNING:Pack:2780 - The register
   "Micron_RAM/Micron_RAM/EMC_CTRL_I/IO_REGISTERS_I/mem_dq_t_reg_4" has the
   property IOB=TRUE, but it did not join an IO component because it is not
   connected to any IO element.
WARNING:Pack:2780 - The register
   "Numonyx_PCM/Numonyx_PCM/EMC_CTRL_I/IO_REGISTERS_I/mem_dq_t_reg_5" has the
   property IOB=TRUE, but it did not join an IO component because it is not
   connected to any IO element.
WARNING:Pack:2780 - The register
   "Micron_RAM/Micron_RAM/EMC_CTRL_I/IO_REGISTERS_I/mem_dq_t_reg_5" has the
   property IOB=TRUE, but it did not join an IO component because it is not
   connected to any IO element.
WARNING:Pack:2780 - The register
   "Numonyx_PCM/Numonyx_PCM/EMC_CTRL_I/IO_REGISTERS_I/mem_dq_t_reg_6" has the
   property IOB=TRUE, but it did not join an IO component because it is not
   connected to any IO element.
WARNING:Pack:2780 - The register
   "Micron_RAM/Micron_RAM/EMC_CTRL_I/IO_REGISTERS_I/mem_dq_t_reg_6" has the
   property IOB=TRUE, but it did not join an IO component because it is not
   connected to any IO element.
WARNING:Pack:2780 - The register
   "Numonyx_PCM/Numonyx_PCM/EMC_CTRL_I/IO_REGISTERS_I/mem_dq_t_reg_7" has the
   property IOB=TRUE, but it did not join an IO component because it is not
   connected to any IO element.
WARNING:Pack:2780 - The register
   "Micron_RAM/Micron_RAM/EMC_CTRL_I/IO_REGISTERS_I/mem_dq_t_reg_7" has the
   property IOB=TRUE, but it did not join an IO component because it is not
   connected to any IO element.
WARNING:Pack:2780 - The register
   "Numonyx_PCM/Numonyx_PCM/EMC_CTRL_I/IO_REGISTERS_I/mem_dq_t_reg_8" has the
   property IOB=TRUE, but it did not join an IO component because it is not
   connected to any IO element.
WARNING:Pack:2780 - The register
   "Micron_RAM/Micron_RAM/EMC_CTRL_I/IO_REGISTERS_I/mem_dq_t_reg_8" has the
   property IOB=TRUE, but it did not join an IO component because it is not
   connected to any IO element.
WARNING:Pack:2780 - The register
   "Numonyx_PCM/Numonyx_PCM/EMC_CTRL_I/IO_REGISTERS_I/mem_dq_t_reg_9" has the
   property IOB=TRUE, but it did not join an IO component because it is not
   connected to any IO element.
WARNING:Pack:2780 - The register
   "Micron_RAM/Micron_RAM/EMC_CTRL_I/IO_REGISTERS_I/mem_dq_t_reg_9" has the
   property IOB=TRUE, but it did not join an IO component because it is not
   connected to any IO element.
WARNING:Pack:2780 - The register
   "Numonyx_PCM/Numonyx_PCM/EMC_CTRL_I/IO_REGISTERS_I/mem_dq_o_reg_10" has the
   property IOB=TRUE, but it did not join an IO component because it is not
   connected to any IO element.
WARNING:Pack:2780 - The register
   "Micron_RAM/Micron_RAM/EMC_CTRL_I/IO_REGISTERS_I/mem_dq_o_reg_10" has the
   property IOB=TRUE, but it did not join an IO component because it is not
   connected to any IO element.
WARNING:Pack:2780 - The register
   "Numonyx_PCM/Numonyx_PCM/EMC_CTRL_I/IO_REGISTERS_I/mem_dq_o_reg_11" has the
   property IOB=TRUE, but it did not join an IO component because it is not
   connected to any IO element.
WARNING:Pack:2780 - The register
   "Micron_RAM/Micron_RAM/EMC_CTRL_I/IO_REGISTERS_I/mem_dq_o_reg_11" has the
   property IOB=TRUE, but it did not join an IO component because it is not
   connected to any IO element.
WARNING:Pack:2780 - The register
   "Numonyx_PCM/Numonyx_PCM/EMC_CTRL_I/IO_REGISTERS_I/mem_dq_o_reg_12" has the
   property IOB=TRUE, but it did not join an IO component because it is not
   connected to any IO element.
WARNING:Pack:2780 - The register
   "Micron_RAM/Micron_RAM/EMC_CTRL_I/IO_REGISTERS_I/mem_dq_o_reg_12" has the
   property IOB=TRUE, but it did not join an IO component because it is not
   connected to any IO element.
WARNING:Pack:2780 - The register
   "Numonyx_PCM/Numonyx_PCM/EMC_CTRL_I/IO_REGISTERS_I/mem_dq_o_reg_13" has the
   property IOB=TRUE, but it did not join an IO component because it is not
   connected to any IO element.
WARNING:Pack:2780 - The register
   "Micron_RAM/Micron_RAM/EMC_CTRL_I/IO_REGISTERS_I/mem_dq_o_reg_13" has the
   property IOB=TRUE, but it did not join an IO component because it is not
   connected to any IO element.
WARNING:Pack:2780 - The register
   "Numonyx_PCM/Numonyx_PCM/EMC_CTRL_I/IO_REGISTERS_I/mem_dq_o_reg_14" has the
   property IOB=TRUE, but it did not join an IO component because it is not
   connected to any IO element.
WARNING:Pack:2780 - The register
   "Micron_RAM/Micron_RAM/EMC_CTRL_I/IO_REGISTERS_I/mem_dq_o_reg_14" has the
   property IOB=TRUE, but it did not join an IO component because it is not
   connected to any IO element.
WARNING:Pack:2780 - The register
   "Numonyx_PCM/Numonyx_PCM/EMC_CTRL_I/IO_REGISTERS_I/mem_dq_o_reg_15" has the
   property IOB=TRUE, but it did not join an IO component because it is not
   connected to any IO element.
WARNING:Pack:2780 - The register
   "Micron_RAM/Micron_RAM/EMC_CTRL_I/IO_REGISTERS_I/mem_dq_o_reg_15" has the
   property IOB=TRUE, but it did not join an IO component because it is not
   connected to any IO element.
WARNING:Pack:2780 - The register
   "Numonyx_PCM/Numonyx_PCM/EMC_CTRL_I/IO_REGISTERS_I/mem_dq_t_reg_10" has the
   property IOB=TRUE, but it did not join an IO component because it is not
   connected to any IO element.
WARNING:Pack:2780 - The register
   "Micron_RAM/Micron_RAM/EMC_CTRL_I/IO_REGISTERS_I/mem_dq_t_reg_10" has the
   property IOB=TRUE, but it did not join an IO component because it is not
   connected to any IO element.
WARNING:Pack:2780 - The register
   "Numonyx_PCM/Numonyx_PCM/EMC_CTRL_I/IO_REGISTERS_I/mem_dq_t_reg_11" has the
   property IOB=TRUE, but it did not join an IO component because it is not
   connected to any IO element.
WARNING:Pack:2780 - The register
   "Micron_RAM/Micron_RAM/EMC_CTRL_I/IO_REGISTERS_I/mem_dq_t_reg_11" has the
   property IOB=TRUE, but it did not join an IO component because it is not
   connected to any IO element.
WARNING:Pack:2780 - The register
   "Numonyx_PCM/Numonyx_PCM/EMC_CTRL_I/IO_REGISTERS_I/mem_dq_t_reg_12" has the
   property IOB=TRUE, but it did not join an IO component because it is not
   connected to any IO element.
WARNING:Pack:2780 - The register
   "Micron_RAM/Micron_RAM/EMC_CTRL_I/IO_REGISTERS_I/mem_dq_t_reg_12" has the
   property IOB=TRUE, but it did not join an IO component because it is not
   connected to any IO element.
WARNING:Pack:2780 - The register
   "Numonyx_PCM/Numonyx_PCM/EMC_CTRL_I/IO_REGISTERS_I/mem_dq_t_reg_13" has the
   property IOB=TRUE, but it did not join an IO component because it is not
   connected to any IO element.
WARNING:Pack:2780 - The register
   "Micron_RAM/Micron_RAM/EMC_CTRL_I/IO_REGISTERS_I/mem_dq_t_reg_13" has the
   property IOB=TRUE, but it did not join an IO component because it is not
   connected to any IO element.
WARNING:Pack:2780 - The register
   "Numonyx_PCM/Numonyx_PCM/EMC_CTRL_I/IO_REGISTERS_I/mem_dq_t_reg_14" has the
   property IOB=TRUE, but it did not join an IO component because it is not
   connected to any IO element.
WARNING:Pack:2780 - The register
   "Micron_RAM/Micron_RAM/EMC_CTRL_I/IO_REGISTERS_I/mem_dq_t_reg_14" has the
   property IOB=TRUE, but it did not join an IO component because it is not
   connected to any IO element.
WARNING:Pack:2780 - The register
   "Numonyx_PCM/Numonyx_PCM/EMC_CTRL_I/IO_REGISTERS_I/mem_dq_t_reg_15" has the
   property IOB=TRUE, but it did not join an IO component because it is not
   connected to any IO element.
WARNING:Pack:2780 - The register
   "Micron_RAM/Micron_RAM/EMC_CTRL_I/IO_REGISTERS_I/mem_dq_t_reg_15" has the
   property IOB=TRUE, but it did not join an IO component because it is not
   connected to any IO element.
Running delay-based LUT packing...
Updating timing models...
INFO:Map:215 - The Interim Design Summary has been generated in the MAP Report
   (.mrp).
Running timing-driven placement...
Total REAL time at the beginning of Placer: 33 secs 
Total CPU  time at the beginning of Placer: 29 secs 

Phase 1.1  Initial Placement Analysis
Phase 1.1  Initial Placement Analysis (Checksum:5752100b) REAL time: 37 secs 

Phase 2.7  Design Feasibility Check
Phase 2.7  Design Feasibility Check (Checksum:5752100b) REAL time: 38 secs 

Phase 3.31  Local Placement Optimization
Phase 3.31  Local Placement Optimization (Checksum:2a63c9bb) REAL time: 38 secs 

Phase 4.2  Initial Placement for Architecture Specific Features

Phase 4.2  Initial Placement for Architecture Specific Features
(Checksum:4c1c187) REAL time: 51 secs 

Phase 5.36  Local Placement Optimization
Phase 5.36  Local Placement Optimization (Checksum:4c1c187) REAL time: 51 secs 

Phase 6.30  Global Clock Region Assignment
Phase 6.30  Global Clock Region Assignment (Checksum:4c1c187) REAL time: 51 secs 

Phase 7.3  Local Placement Optimization
Phase 7.3  Local Placement Optimization (Checksum:4c1c187) REAL time: 51 secs 

Phase 8.5  Local Placement Optimization
Phase 8.5  Local Placement Optimization (Checksum:4c1c187) REAL time: 52 secs 

Phase 9.8  Global Placement
................................
................................................................
........................................................................................................................................
...................................................................................................................................
.................................................................................
Phase 9.8  Global Placement (Checksum:10df2093) REAL time: 2 mins 26 secs 

Phase 10.5  Local Placement Optimization
Phase 10.5  Local Placement Optimization (Checksum:10df2093) REAL time: 2 mins 27 secs 

Phase 11.18  Placement Optimization
Phase 11.18  Placement Optimization (Checksum:b9ffca80) REAL time: 2 mins 47 secs 

Phase 12.5  Local Placement Optimization
Phase 12.5  Local Placement Optimization (Checksum:b9ffca80) REAL time: 2 mins 47 secs 

Phase 13.34  Placement Validation
Phase 13.34  Placement Validation (Checksum:cfb37097) REAL time: 2 mins 48 secs 

Total REAL time to Placer completion: 2 mins 49 secs 
Total CPU  time to Placer completion: 2 mins 35 secs 
Running post-placement packing...
Writing output files...

Design Summary:
Number of errors:      0
Number of warnings:   91
Slice Logic Utilization:
  Number of Slice Registers:                 5,041 out of  18,224   27%
    Number used as Flip Flops:               5,035
    Number used as Latches:                      0
    Number used as Latch-thrus:                  0
    Number used as AND/OR logics:                6
  Number of Slice LUTs:                      5,659 out of   9,112   62%
    Number used as logic:                    5,291 out of   9,112   58%
      Number using O6 output only:           3,768
      Number using O5 output only:             278
      Number using O5 and O6:                1,245
      Number used as ROM:                        0
    Number used as Memory:                     187 out of   2,176    8%
      Number used as Dual Port RAM:             64
        Number using O6 output only:             0
        Number using O5 output only:             0
        Number using O5 and O6:                 64
      Number used as Single Port RAM:            0
      Number used as Shift Register:           123
        Number using O6 output only:            30
        Number using O5 output only:             1
        Number using O5 and O6:                 92
    Number used exclusively as route-thrus:    181
      Number with same-slice register load:    151
      Number with same-slice carry load:        30
      Number with other load:                    0

Slice Logic Distribution:
  Number of occupied Slices:                 2,061 out of   2,278   90%
  Nummber of MUXCYs used:                    1,236 out of   4,556   27%
  Number of LUT Flip Flop pairs used:        6,489
    Number with an unused Flip Flop:         2,105 out of   6,489   32%
    Number with an unused LUT:                 830 out of   6,489   12%
    Number of fully used LUT-FF pairs:       3,554 out of   6,489   54%
    Number of unique control sets:             314
    Number of slice register sites lost
      to control set restrictions:           1,134 out of  18,224    6%

  A LUT Flip Flop pair for this architecture represents one LUT paired with
  one Flip Flop within a slice.  A control set is a unique combination of
  clock, reset, set, and enable signals for a registered element.
  The Slice Logic Distribution report is not meaningful if the design is
  over-mapped for a non-slice resource or if Placement fails.

IO Utilization:
  Number of bonded IOBs:                       112 out of     232   48%
    Number of LOCed IOBs:                      112 out of     112  100%
    IOB Flip Flops:                             51

Specific Feature Utilization:
  Number of RAMB16BWERs:                         6 out of      32   18%
  Number of RAMB8BWERs:                          3 out of      64    4%
  Number of BUFIO2/BUFIO2_2CLKs:                 1 out of      32    3%
    Number used as BUFIO2s:                      1
    Number used as BUFIO2_2CLKs:                 0
  Number of BUFIO2FB/BUFIO2FB_2CLKs:             0 out of      32    0%
  Number of BUFG/BUFGMUXs:                       3 out of      16   18%
    Number used as BUFGs:                        3
    Number used as BUFGMUX:                      0
  Number of DCM/DCM_CLKGENs:                     0 out of       4    0%
  Number of ILOGIC2/ISERDES2s:                  30 out of     248   12%
    Number used as ILOGIC2s:                    30
    Number used as ISERDES2s:                    0
  Number of IODELAY2/IODRP2/IODRP2_MCBs:         0 out of     248    0%
  Number of OLOGIC2/OSERDES2s:                  19 out of     248    7%
    Number used as OLOGIC2s:                    19
    Number used as OSERDES2s:                    0
  Number of BSCANs:                              1 out of       4   25%
  Number of BUFHs:                               0 out of     128    0%
  Number of BUFPLLs:                             0 out of       8    0%
  Number of BUFPLL_MCBs:                         0 out of       4    0%
  Number of DSP48A1s:                            3 out of      32    9%
  Number of ICAPs:                               0 out of       1    0%
  Number of MCBs:                                0 out of       2    0%
  Number of PCILOGICSEs:                         0 out of       2    0%
  Number of PLL_ADVs:                            1 out of       2   50%
  Number of PMVs:                                0 out of       1    0%
  Number of STARTUPs:                            0 out of       1    0%
  Number of SUSPEND_SYNCs:                       0 out of       1    0%

Average Fanout of Non-Clock Nets:                3.89

Peak Memory Usage:  516 MB
Total REAL time to MAP completion:  2 mins 59 secs 
Total CPU time to MAP completion:   2 mins 44 secs 

Mapping completed.
See MAP report file "system_map.mrp" for details.



#----------------------------------------------#
# Starting program par
# par -w -ol high system_map.ncd system.ncd system.pcf 
#----------------------------------------------#
Release 13.3 - par O.76xd (nt64)
Copyright (c) 1995-2011 Xilinx, Inc.  All rights reserved.
PMSPEC -- Overriding Xilinx file <C:/Xilinx/13.3/ISE_DS/EDK/data/parBmgr.acd> with local file
<C:/Xilinx/13.3/ISE_DS/ISE/data/parBmgr.acd>



Constraints file: system.pcf.
Loading device for application Rf_Device from file '6slx16.nph' in environment
C:\Xilinx\13.3\ISE_DS\ISE\;C:\Xilinx\13.3\ISE_DS\EDK.
   "system" is an NCD, version 3.2, device xc6slx16, package csg324, speed -3
vvvvvvvvvvvvvvvvvvvvvvvvvvvvvvvvvvvvvvvvvvvvvvvvvvvvvvvvvvvvvvvvvvvvvv
INFO:Security:54 - 'xc6slx16' is a WebPack part.
INFO:Security:66 - Your license for 'ISE' is for evaluation use only.
WARNING:Security:42 - Your license support version '2012.03' for ISE expires in 9 days after which you will not qualify
for Xilinx software updates or new releases.

----------------------------------------------------------------------

Initializing temperature to 85.000 Celsius. (default - Range: 0.000 to 85.000 Celsius)
Initializing voltage to 1.140 Volts. (default - Range: 1.140 to 1.260 Volts)


Device speed data version:  "PRODUCTION 1.20 2011-10-03".



Device Utilization Summary:

Slice Logic Utilization:
  Number of Slice Registers:                 5,041 out of  18,224   27%
    Number used as Flip Flops:               5,035
    Number used as Latches:                      0
    Number used as Latch-thrus:                  0
    Number used as AND/OR logics:                6
  Number of Slice LUTs:                      5,659 out of   9,112   62%
    Number used as logic:                    5,291 out of   9,112   58%
      Number using O6 output only:           3,768
      Number using O5 output only:             278
      Number using O5 and O6:                1,245
      Number used as ROM:                        0
    Number used as Memory:                     187 out of   2,176    8%
      Number used as Dual Port RAM:             64
        Number using O6 output only:             0
        Number using O5 output only:             0
        Number using O5 and O6:                 64
      Number used as Single Port RAM:            0
      Number used as Shift Register:           123
        Number using O6 output only:            30
        Number using O5 output only:             1
        Number using O5 and O6:                 92
    Number used exclusively as route-thrus:    181
      Number with same-slice register load:    151
      Number with same-slice carry load:        30
      Number with other load:                    0

Slice Logic Distribution:
  Number of occupied Slices:                 2,061 out of   2,278   90%
  Nummber of MUXCYs used:                    1,236 out of   4,556   27%
  Number of LUT Flip Flop pairs used:        6,489
    Number with an unused Flip Flop:         2,105 out of   6,489   32%
    Number with an unused LUT:                 830 out of   6,489   12%
    Number of fully used LUT-FF pairs:       3,554 out of   6,489   54%
    Number of slice register sites lost
      to control set restrictions:               0 out of  18,224    0%

  A LUT Flip Flop pair for this architecture represents one LUT paired with
  one Flip Flop within a slice.  A control set is a unique combination of
  clock, reset, set, and enable signals for a registered element.
  The Slice Logic Distribution report is not meaningful if the design is
  over-mapped for a non-slice resource or if Placement fails.

IO Utilization:
  Number of bonded IOBs:                       112 out of     232   48%
    Number of LOCed IOBs:                      112 out of     112  100%
    IOB Flip Flops:                             51

Specific Feature Utilization:
  Number of RAMB16BWERs:                         6 out of      32   18%
  Number of RAMB8BWERs:                          3 out of      64    4%
  Number of BUFIO2/BUFIO2_2CLKs:                 1 out of      32    3%
    Number used as BUFIO2s:                      1
    Number used as BUFIO2_2CLKs:                 0
  Number of BUFIO2FB/BUFIO2FB_2CLKs:             0 out of      32    0%
  Number of BUFG/BUFGMUXs:                       3 out of      16   18%
    Number used as BUFGs:                        3
    Number used as BUFGMUX:                      0
  Number of DCM/DCM_CLKGENs:                     0 out of       4    0%
  Number of ILOGIC2/ISERDES2s:                  30 out of     248   12%
    Number used as ILOGIC2s:                    30
    Number used as ISERDES2s:                    0
  Number of IODELAY2/IODRP2/IODRP2_MCBs:         0 out of     248    0%
  Number of OLOGIC2/OSERDES2s:                  19 out of     248    7%
    Number used as OLOGIC2s:                    19
    Number used as OSERDES2s:                    0
  Number of BSCANs:                              1 out of       4   25%
  Number of BUFHs:                               0 out of     128    0%
  Number of BUFPLLs:                             0 out of       8    0%
  Number of BUFPLL_MCBs:                         0 out of       4    0%
  Number of DSP48A1s:                            3 out of      32    9%
  Number of ICAPs:                               0 out of       1    0%
  Number of MCBs:                                0 out of       2    0%
  Number of PCILOGICSEs:                         0 out of       2    0%
  Number of PLL_ADVs:                            1 out of       2   50%
  Number of PMVs:                                0 out of       1    0%
  Number of STARTUPs:                            0 out of       1    0%
  Number of SUSPEND_SYNCs:                       0 out of       1    0%


Overall effort level (-ol):   High 
Router effort level (-rl):    High 

Starting initial Timing Analysis.  REAL time: 15 secs 
Finished initial Timing Analysis.  REAL time: 15 secs 

WARNING:Par:288 - The signal dlmb_LMB_ABus<31> has no load.  PAR will not attempt to route this signal.
WARNING:Par:288 - The signal
   microblaze_0/microblaze_0/MicroBlaze_Core_I/Performance.Data_Flow_I/Register_File_I/Using_LUT6.All_RAM32M[13].ram32m_i_RAMD_D1_O has no
   load.  PAR will not attempt to route this signal.
WARNING:Par:288 - The signal
   microblaze_0/microblaze_0/MicroBlaze_Core_I/Performance.Data_Flow_I/Register_File_I/Using_LUT6.All_RAM32M[6].ram32m_i_RAMD_D1_O has no
   load.  PAR will not attempt to route this signal.
WARNING:Par:288 - The signal
   microblaze_0/microblaze_0/MicroBlaze_Core_I/Performance.Data_Flow_I/Register_File_I/Using_LUT6.All_RAM32M[8].ram32m_i_RAMD_D1_O has no
   load.  PAR will not attempt to route this signal.
WARNING:Par:288 - The signal
   microblaze_0/microblaze_0/MicroBlaze_Core_I/Performance.Data_Flow_I/Register_File_I/Using_LUT6.All_RAM32M[7].ram32m_i_RAMD_D1_O has no
   load.  PAR will not attempt to route this signal.
WARNING:Par:288 - The signal
   microblaze_0/microblaze_0/MicroBlaze_Core_I/Performance.Data_Flow_I/Register_File_I/Using_LUT6.All_RAM32M[4].ram32m_i_RAMD_D1_O has no
   load.  PAR will not attempt to route this signal.
WARNING:Par:288 - The signal
   microblaze_0/microblaze_0/MicroBlaze_Core_I/Performance.Data_Flow_I/Register_File_I/Using_LUT6.All_RAM32M[1].ram32m_i_RAMD_D1_O has no
   load.  PAR will not attempt to route this signal.
WARNING:Par:288 - The signal
   microblaze_0/microblaze_0/MicroBlaze_Core_I/Performance.Data_Flow_I/Register_File_I/Using_LUT6.All_RAM32M[10].ram32m_i_RAMD_D1_O has no
   load.  PAR will not attempt to route this signal.
WARNING:Par:288 - The signal
   microblaze_0/microblaze_0/MicroBlaze_Core_I/Performance.Data_Flow_I/Register_File_I/Using_LUT6.All_RAM32M[14].ram32m_i_RAMD_D1_O has no
   load.  PAR will not attempt to route this signal.
WARNING:Par:288 - The signal
   microblaze_0/microblaze_0/MicroBlaze_Core_I/Performance.Data_Flow_I/Register_File_I/Using_LUT6.All_RAM32M[9].ram32m_i_RAMD_D1_O has no
   load.  PAR will not attempt to route this signal.
WARNING:Par:288 - The signal
   microblaze_0/microblaze_0/MicroBlaze_Core_I/Performance.Data_Flow_I/Register_File_I/Using_LUT6.All_RAM32M[3].ram32m_i_RAMD_D1_O has no
   load.  PAR will not attempt to route this signal.
WARNING:Par:288 - The signal
   microblaze_0/microblaze_0/MicroBlaze_Core_I/Performance.Data_Flow_I/Register_File_I/Using_LUT6.All_RAM32M[2].ram32m_i_RAMD_D1_O has no
   load.  PAR will not attempt to route this signal.
WARNING:Par:288 - The signal
   microblaze_0/microblaze_0/MicroBlaze_Core_I/Performance.Data_Flow_I/Register_File_I/Using_LUT6.All_RAM32M[12].ram32m_i_RAMD_D1_O has no
   load.  PAR will not attempt to route this signal.
WARNING:Par:288 - The signal
   microblaze_0/microblaze_0/MicroBlaze_Core_I/Performance.Data_Flow_I/Register_File_I/Using_LUT6.All_RAM32M[15].ram32m_i_RAMD_D1_O has no
   load.  PAR will not attempt to route this signal.
WARNING:Par:288 - The signal
   microblaze_0/microblaze_0/MicroBlaze_Core_I/Performance.Data_Flow_I/Register_File_I/Using_LUT6.All_RAM32M[5].ram32m_i_RAMD_D1_O has no
   load.  PAR will not attempt to route this signal.
WARNING:Par:288 - The signal dlmb_LMB_ABus<30> has no load.  PAR will not attempt to route this signal.
WARNING:Par:288 - The signal
   microblaze_0/microblaze_0/MicroBlaze_Core_I/Performance.Data_Flow_I/Register_File_I/Using_LUT6.All_RAM32M[11].ram32m_i_RAMD_D1_O has no
   load.  PAR will not attempt to route this signal.
WARNING:Par:288 - The signal
   microblaze_0/microblaze_0/MicroBlaze_Core_I/Performance.Data_Flow_I/Register_File_I/Using_LUT6.All_RAM32M[0].ram32m_i_RAMD_D1_O has no
   load.  PAR will not attempt to route this signal.
Starting Router


Phase  1  : 34588 unrouted;      REAL time: 16 secs 

Phase  2  : 30195 unrouted;      REAL time: 18 secs 

Phase  3  : 13584 unrouted;      REAL time: 37 secs 

Phase  4  : 13584 unrouted; (Setup:0, Hold:0, Component Switching Limit:0)     REAL time: 39 secs 

Updating file: system.ncd with current fully routed design.

Phase  5  : 0 unrouted; (Setup:0, Hold:0, Component Switching Limit:0)     REAL time: 1 mins 2 secs 

Phase  6  : 0 unrouted; (Setup:0, Hold:0, Component Switching Limit:0)     REAL time: 1 mins 2 secs 

Phase  7  : 0 unrouted; (Setup:0, Hold:0, Component Switching Limit:0)     REAL time: 1 mins 2 secs 

Phase  8  : 0 unrouted; (Setup:0, Hold:0, Component Switching Limit:0)     REAL time: 1 mins 2 secs 

Phase  9  : 0 unrouted; (Setup:0, Hold:0, Component Switching Limit:0)     REAL time: 1 mins 2 secs 

Phase 10  : 0 unrouted; (Setup:0, Hold:0, Component Switching Limit:0)     REAL time: 1 mins 6 secs 
Total REAL time to Router completion: 1 mins 6 secs 
Total CPU time to Router completion: 1 mins 4 secs 

Partition Implementation Status
-------------------------------

  No Partitions were found in this design.

-------------------------------

Generating "PAR" statistics.

**************************
Generating Clock Report
**************************

+---------------------+--------------+------+------+------------+-------------+
|        Clock Net    |   Resource   |Locked|Fanout|Net Skew(ns)|Max Delay(ns)|
+---------------------+--------------+------+------+------------+-------------+
|      clk_66_6667MHz |  BUFGMUX_X2Y3| No   | 1677 |  0.548     |  1.395      |
+---------------------+--------------+------+------+------------+-------------+
|fpga_0_Digilent_Usb_ |              |      |      |            |             |
| Epp_IFCLK_pin_BUFGP |  BUFGMUX_X2Y9| No   |   40 |  0.523     |  1.383      |
+---------------------+--------------+------+------+------------+-------------+
|microblaze_0_mdm_bus |              |      |      |            |             |
|            _Dbg_Clk | BUFGMUX_X3Y13| No   |   57 |  0.061     |  0.907      |
+---------------------+--------------+------+------+------------+-------------+
|microblaze_0_mdm_bus |              |      |      |            |             |
|         _Dbg_Update |         Local|      |   20 |  2.279     |  3.580      |
+---------------------+--------------+------+------+------------+-------------+
|xps_timer_0_Interrup |              |      |      |            |             |
|                   t |         Local|      |    1 |  0.000     |  0.883      |
+---------------------+--------------+------+------+------------+-------------+

* Net Skew is the difference between the minimum and maximum routing
only delays for the net. Note this is different from Clock Skew which
is reported in TRCE timing report. Clock Skew is the difference between
the minimum and maximum path delays which includes logic delays.

* The fanout is the number of component pins not the individual BEL loads,
for example SLICE loads not FF loads.

Timing Score: 0 (Setup: 0, Hold: 0, Component Switching Limit: 0)

Number of Timing Constraints that were not applied: 1

Asterisk (*) preceding a constraint indicates it was not met.
   This may be due to a setup or hold violation.

----------------------------------------------------------------------------------------------------------
  Constraint                                |    Check    | Worst Case |  Best Case | Timing |   Timing   
                                            |             |    Slack   | Achievable | Errors |    Score   
----------------------------------------------------------------------------------------------------------
  TS_clock_generator_0_clock_generator_0_SI | SETUP       |     4.280ns|     9.367ns|       0|           0
  G_PLL0_CLKOUT0 = PERIOD TIMEGRP         " | HOLD        |     0.235ns|            |       0|           0
  clock_generator_0_clock_generator_0_SIG_P |             |            |            |        |            
  LL0_CLKOUT0" TS_sys_clk_pin         * 0.6 |             |            |            |        |            
  66666667 HIGH 50%                         |             |            |            |        |            
----------------------------------------------------------------------------------------------------------
  TS_sys_clk_pin = PERIOD TIMEGRP "sys_clk_ | MINLOWPULSE |     6.666ns|     3.334ns|       0|           0
  pin" 100 MHz HIGH 50%                     |             |            |            |        |            
----------------------------------------------------------------------------------------------------------


Derived Constraint Report
Review Timing Report for more details on the following derived constraints.
To create a Timing Report, run "trce -v 12 -fastpaths -o design_timing_report design.ncd design.pcf"
or "Run Timing Analysis" from Timing Analyzer (timingan).
Derived Constraints for TS_sys_clk_pin
+-------------------------------+-------------+-------------+-------------+-------------+-------------+-------------+-------------+
|                               |   Period    |       Actual Period       |      Timing Errors        |      Paths Analyzed       |
|           Constraint          | Requirement |-------------+-------------|-------------+-------------|-------------+-------------|
|                               |             |   Direct    | Derivative  |   Direct    | Derivative  |   Direct    | Derivative  |
+-------------------------------+-------------+-------------+-------------+-------------+-------------+-------------+-------------+
|TS_sys_clk_pin                 |     10.000ns|      3.334ns|      6.245ns|            0|            0|            0|       416105|
| TS_clock_generator_0_clock_gen|     15.000ns|      9.367ns|          N/A|            0|            0|       416105|            0|
| erator_0_SIG_PLL0_CLKOUT0     |             |             |             |             |             |             |             |
+-------------------------------+-------------+-------------+-------------+-------------+-------------+-------------+-------------+

All constraints were met.


Generating Pad Report.

All signals are completely routed.

WARNING:Par:283 - There are 18 loadless signals in this design. This design will cause Bitgen to issue DRC warnings.

Total REAL time to PAR completion: 1 mins 10 secs 
Total CPU time to PAR completion: 1 mins 8 secs 

Peak Memory Usage:  478 MB

Placer: Placement generated during map.
Routing: Completed - No errors found.
Timing: Completed - No errors found.

Number of error messages: 0
Number of warning messages: 20
Number of info messages: 0

Writing design to file system.ncd



PAR done!



#----------------------------------------------#
# Starting program post_par_trce
# trce -e 3 -xml system.twx system.ncd system.pcf 
#----------------------------------------------#
Release 13.3 - Trace  (nt64)
Copyright (c) 1995-2011 Xilinx, Inc.  All rights reserved.


PMSPEC -- Overriding Xilinx file
<C:/Xilinx/13.3/ISE_DS/EDK/spartan6/data/spartan6.acd> with local file
<C:/Xilinx/13.3/ISE_DS/ISE/spartan6/data/spartan6.acd>
Loading device for application Rf_Device from file '6slx16.nph' in environment
C:\Xilinx\13.3\ISE_DS\ISE\;C:\Xilinx\13.3\ISE_DS\EDK.
   "system" is an NCD, version 3.2, device xc6slx16, package csg324, speed -3
--------------------------------------------------------------------------------
Release 13.3 Trace  (nt64)
Copyright (c) 1995-2011 Xilinx, Inc.  All rights reserved.

C:\Xilinx\13.3\ISE_DS\ISE\bin\nt64\unwrapped\trce.exe -e 3 -xml system.twx
system.ncd system.pcf


Design file:              system.ncd
Physical constraint file: system.pcf
Device,speed:             xc6slx16,-3 (PRODUCTION 1.20 2011-10-03)
Report level:             error report
--------------------------------------------------------------------------------

INFO:Timing:2752 - To get complete path coverage, use the unconstrained paths option. All paths that are not constrained will be reported in
   the unconstrained paths section(s) of the report.
INFO:Timing:3339 - The clock-to-out numbers in this timing report are based on a 50 Ohm transmission line loading model.  For the details of
   this model, and for more information on accounting for different loading conditions, please see the device datasheet.


Timing summary:
---------------

Timing errors: 0  Score: 0 (Setup/Max: 0, Hold: 0)

Constraints cover 416105 paths, 0 nets, and 29398 connections

Design statistics:
   Minimum period:   9.367ns (Maximum frequency: 106.758MHz)


Analysis completed Wed Mar 21 19:06:45 2012
--------------------------------------------------------------------------------

Generating Report ...

Number of warnings: 0
Number of info messages: 2
Total time: 18 secs 


