C:\PFC\Atlys_v008\implementation\system.ngc 1341660422
C:/PFC/Atlys_v008/implementation/dip_switches_8bits_wrapper.ngc 1341660198
C:/PFC/Atlys_v008/implementation/push_buttons_5bits_wrapper.ngc 1341660198
C:/PFC/Atlys_v008/implementation/rs232_uart_1_wrapper.ngc 1341660198
C:/PFC/Atlys_v008/implementation/clock_generator_0_wrapper.ngc 1341660380
C:/PFC/Atlys_v008/implementation/proc_sys_reset_0_wrapper.ngc 1341660198
C:/PFC/Atlys_v008/implementation/mcb_ddr2_wrapper.ngc 1341660198
C:/PFC/Atlys_v008/implementation/microblaze_0_wrapper.ngc 1341660374
C:/PFC/Atlys_v008/implementation/mb_plb_wrapper.ngc 1341660198
C:/PFC/Atlys_v008/implementation/ilmb_wrapper.ngc 1341660198
C:/PFC/Atlys_v008/implementation/dlmb_wrapper.ngc 1341660198
C:/PFC/Atlys_v008/implementation/dlmb_cntlr_wrapper.ngc 1341660198
C:/PFC/Atlys_v008/implementation/ilmb_cntlr_wrapper.ngc 1341660198
C:/PFC/Atlys_v008/implementation/leds_8bits_wrapper.ngc 1341660198
C:/PFC/Atlys_v008/implementation/ps2_keyboard_mouse_wrapper.ngc 1341660198
C:/PFC/Atlys_v008/implementation/digilent_quadspi_cntlr_wrapper.ngc 1341660198
C:/PFC/Atlys_v008/implementation/xps_timer_0_wrapper.ngc 1341660198
C:/PFC/Atlys_v008/implementation/mdm_0_wrapper.ngc 1341660198
C:/PFC/Atlys_v008/implementation/xps_intc_0_wrapper.ngc 1341660198
C:/PFC/Atlys_v008/implementation/lmb_bram_wrapper.ngc 1341660198
OK
