C:\PFC\Nexys3_v004\implementation\system.ngc 1332102284
C:/PFC/Nexys3_v004/implementation/dip_switches_8bits_wrapper.ngc 1332102124
C:/PFC/Nexys3_v004/implementation/push_buttons_4bits_wrapper.ngc 1332102124
C:/PFC/Nexys3_v004/implementation/rs232_uart_1_wrapper.ngc 1332102124
C:/PFC/Nexys3_v004/implementation/digilent_usb_epp_wrapper.ngc 1332102124
C:/PFC/Nexys3_v004/implementation/clock_generator_0_wrapper.ngc 1332102251
C:/PFC/Nexys3_v004/implementation/proc_sys_reset_0_wrapper.ngc 1332102124
C:/PFC/Nexys3_v004/implementation/microblaze_0_wrapper.ngc 1332102245
C:/PFC/Nexys3_v004/implementation/mb_plb_wrapper.ngc 1332102124
C:/PFC/Nexys3_v004/implementation/ilmb_wrapper.ngc 1332102124
C:/PFC/Nexys3_v004/implementation/dlmb_wrapper.ngc 1332102124
C:/PFC/Nexys3_v004/implementation/dlmb_cntlr_wrapper.ngc 1332102124
C:/PFC/Nexys3_v004/implementation/ilmb_cntlr_wrapper.ngc 1332102124
C:/PFC/Nexys3_v004/implementation/leds_8bits_wrapper.ngc 1332102124
C:/PFC/Nexys3_v004/implementation/ps2_mouse_keyboard_wrapper.ngc 1332102124
C:/PFC/Nexys3_v004/implementation/micron_ram_wrapper.ngc 1332102124
C:/PFC/Nexys3_v004/implementation/numonyx_pcm_wrapper.ngc 1332102124
C:/PFC/Nexys3_v004/implementation/digilent_quadspi_cntlr_wrapper.ngc 1332102124
C:/PFC/Nexys3_v004/implementation/digilent_sevseg_disp_wrapper.ngc 1332102124
C:/PFC/Nexys3_v004/implementation/xps_timer_0_wrapper.ngc 1332102124
C:/PFC/Nexys3_v004/implementation/mdm_0_wrapper.ngc 1332102124
C:/PFC/Nexys3_v004/implementation/xps_intc_0_wrapper.ngc 1332102124
C:/PFC/Nexys3_v004/implementation/lmb_bram_wrapper.ngc 1332102124
C:/PFC/Nexys3_v004/implementation/mem_bus_mux_0_wrapper.ngc 1332102124
OK
