C:\PFC\Atlys_v002\implementation\system.ngc 1338723450
C:/PFC/Atlys_v002/implementation/dip_switches_8bits_wrapper.ngc 1338723215
C:/PFC/Atlys_v002/implementation/push_buttons_5bits_wrapper.ngc 1338723215
C:/PFC/Atlys_v002/implementation/rs232_uart_1_wrapper.ngc 1338723215
C:/PFC/Atlys_v002/implementation/clock_generator_0_wrapper.ngc 1338723406
C:/PFC/Atlys_v002/implementation/proc_sys_reset_0_wrapper.ngc 1338723215
C:/PFC/Atlys_v002/implementation/mcb_ddr2_wrapper.ngc 1338723215
C:/PFC/Atlys_v002/implementation/microblaze_0_wrapper.ngc 1338723400
C:/PFC/Atlys_v002/implementation/mb_plb_wrapper.ngc 1338723215
C:/PFC/Atlys_v002/implementation/ilmb_wrapper.ngc 1338723215
C:/PFC/Atlys_v002/implementation/dlmb_wrapper.ngc 1338723215
C:/PFC/Atlys_v002/implementation/dlmb_cntlr_wrapper.ngc 1338723215
C:/PFC/Atlys_v002/implementation/ilmb_cntlr_wrapper.ngc 1338723215
C:/PFC/Atlys_v002/implementation/leds_8bits_wrapper.ngc 1338723215
C:/PFC/Atlys_v002/implementation/ps2_keyboard_mouse_wrapper.ngc 1338723215
C:/PFC/Atlys_v002/implementation/digilent_quadspi_cntlr_wrapper.ngc 1338723215
C:/PFC/Atlys_v002/implementation/xps_timer_0_wrapper.ngc 1338723215
C:/PFC/Atlys_v002/implementation/mdm_0_wrapper.ngc 1338723215
C:/PFC/Atlys_v002/implementation/xps_intc_0_wrapper.ngc 1338723215
C:/PFC/Atlys_v002/implementation/lmb_bram_wrapper.ngc 1338723215
OK
