C:\PFC\Atlys_v009\implementation\system.ngc 1341664785
C:/PFC/Atlys_v009/implementation/dip_switches_8bits_wrapper.ngc 1341664562
C:/PFC/Atlys_v009/implementation/push_buttons_5bits_wrapper.ngc 1341664562
C:/PFC/Atlys_v009/implementation/rs232_uart_1_wrapper.ngc 1341664562
C:/PFC/Atlys_v009/implementation/clock_generator_0_wrapper.ngc 1341664743
C:/PFC/Atlys_v009/implementation/proc_sys_reset_0_wrapper.ngc 1341664562
C:/PFC/Atlys_v009/implementation/mcb_ddr2_wrapper.ngc 1341664562
C:/PFC/Atlys_v009/implementation/microblaze_0_wrapper.ngc 1341664737
C:/PFC/Atlys_v009/implementation/mb_plb_wrapper.ngc 1341664562
C:/PFC/Atlys_v009/implementation/ilmb_wrapper.ngc 1341664562
C:/PFC/Atlys_v009/implementation/dlmb_wrapper.ngc 1341664562
C:/PFC/Atlys_v009/implementation/dlmb_cntlr_wrapper.ngc 1341664562
C:/PFC/Atlys_v009/implementation/ilmb_cntlr_wrapper.ngc 1341664562
C:/PFC/Atlys_v009/implementation/leds_8bits_wrapper.ngc 1341664562
C:/PFC/Atlys_v009/implementation/ps2_keyboard_mouse_wrapper.ngc 1341664562
C:/PFC/Atlys_v009/implementation/digilent_quadspi_cntlr_wrapper.ngc 1341664562
C:/PFC/Atlys_v009/implementation/xps_timer_0_wrapper.ngc 1341664562
C:/PFC/Atlys_v009/implementation/mdm_0_wrapper.ngc 1341664562
C:/PFC/Atlys_v009/implementation/xps_intc_0_wrapper.ngc 1341664562
C:/PFC/Atlys_v009/implementation/lmb_bram_wrapper.ngc 1341664562
OK
